<?xml version="1.0" encoding="UTF-8"?>
<robot generator="Robot 6.1.1 (Python 3.11.0 on darwin)" generated="20231027 11:13:19.590" rpa="false" schemaversion="4">
<suite id="s1" name="TestSuite" source="/Users/ganesh/Desktop/webapplicationtesting_projects/automation-project-for-a-website-/Restful_booker/TestSuite.robot">
<kw name="Authenticate as Admin" type="SETUP">
<kw name="Create Dictionary" library="BuiltIn">
<var>${body}</var>
<arg>username=admin</arg>
<arg>password=password123</arg>
<doc>Creates and returns a dictionary based on the given ``items``.</doc>
<msg timestamp="20231027 11:13:20.019" level="INFO">${body} = {'username': 'admin', 'password': 'password123'}</msg>
<status status="PASS" starttime="20231027 11:13:20.019" endtime="20231027 11:13:20.019"/>
</kw>
<kw name="POST" library="RequestsLibrary">
<var>${response}</var>
<arg>url=https://restful-booker.herokuapp.com/auth</arg>
<arg>json=${body}</arg>
<doc>Sends a POST request.</doc>
<msg timestamp="20231027 11:13:21.153" level="INFO">POST Request : url=https://restful-booker.herokuapp.com/auth 
 path_url=/auth 
 headers={'User-Agent': 'python-requests/2.31.0', 'Accept-Encoding': 'gzip, deflate', 'Accept': '*/*', 'Connection': 'keep-alive', 'Content-Length': '48', 'Content-Type': 'application/json'} 
 body=b'{"username": "admin", "password": "password123"}' 
 </msg>
<msg timestamp="20231027 11:13:21.153" level="INFO">POST Response : url=https://restful-booker.herokuapp.com/auth 
 status=200, reason=OK 
 headers={'Server': 'Cowboy', 'Report-To': '{"group":"heroku-nel","max_age":3600,"endpoints":[{"url":"https://nel.heroku.com/reports?ts=1698394401&amp;sid=c46efe9b-d3d2-4a0c-8c76-bfafa16c5add&amp;s=rJXvYWmIT0hL7oV2LRu0C8o%2BqESy0MCg%2FZdWXj2f8dU%3D"}]}', 'Reporting-Endpoints': 'heroku-nel=https://nel.heroku.com/reports?ts=1698394401&amp;sid=c46efe9b-d3d2-4a0c-8c76-bfafa16c5add&amp;s=rJXvYWmIT0hL7oV2LRu0C8o%2BqESy0MCg%2FZdWXj2f8dU%3D', 'Nel': '{"report_to":"heroku-nel","max_age":3600,"success_fraction":0.005,"failure_fraction":0.05,"response_headers":["Via"]}', 'Connection': 'keep-alive', 'X-Powered-By': 'Express', 'Content-Type': 'application/json; charset=utf-8', 'Content-Length': '27', 'Etag': 'W/"1b-u9mWAXCCTvcp+GJ/xejqN6VlEYc"', 'Date': 'Fri, 27 Oct 2023 08:13:21 GMT', 'Via': '1.1 vegur'} 
 body={"token":"cad8a126fdc681e"} 
 </msg>
<msg timestamp="20231027 11:13:21.154" level="INFO">${response} = &lt;Response [200]&gt;</msg>
<status status="PASS" starttime="20231027 11:13:20.019" endtime="20231027 11:13:21.154"/>
</kw>
<kw name="Log" library="BuiltIn">
<arg>${response.json()}</arg>
<doc>Logs the given message with the given level.</doc>
<msg timestamp="20231027 11:13:21.155" level="INFO">{'token': 'cad8a126fdc681e'}</msg>
<status status="PASS" starttime="20231027 11:13:21.154" endtime="20231027 11:13:21.155"/>
</kw>
<kw name="Set Variable" library="BuiltIn">
<var>${token}</var>
<arg>${response.json()}[token]</arg>
<doc>Returns the given values which can then be assigned to a variables.</doc>
<msg timestamp="20231027 11:13:21.155" level="INFO">${token} = cad8a126fdc681e</msg>
<status status="PASS" starttime="20231027 11:13:21.155" endtime="20231027 11:13:21.155"/>
</kw>
<kw name="Log" library="BuiltIn">
<arg>${token}</arg>
<doc>Logs the given message with the given level.</doc>
<msg timestamp="20231027 11:13:21.156" level="INFO">cad8a126fdc681e</msg>
<status status="PASS" starttime="20231027 11:13:21.156" endtime="20231027 11:13:21.156"/>
</kw>
<kw name="Set Suite Variable" library="BuiltIn">
<arg>${token}</arg>
<doc>Makes a variable available everywhere within the scope of the current suite.</doc>
<msg timestamp="20231027 11:13:21.156" level="INFO">${token} = cad8a126fdc681e</msg>
<status status="PASS" starttime="20231027 11:13:21.156" endtime="20231027 11:13:21.156"/>
</kw>
<status status="PASS" starttime="20231027 11:13:20.018" endtime="20231027 11:13:21.156"/>
</kw>
<test id="s1-t1" name="Get Bookings from Restful Booker" line="7">
<kw name="Create Dictionary" library="BuiltIn">
<var>${body}</var>
<arg>firstname=John</arg>
<doc>Creates and returns a dictionary based on the given ``items``.</doc>
<msg timestamp="20231027 11:13:21.157" level="INFO">${body} = {'firstname': 'John'}</msg>
<status status="PASS" starttime="20231027 11:13:21.157" endtime="20231027 11:13:21.157"/>
</kw>
<kw name="GET" library="RequestsLibrary">
<var>${response}</var>
<arg>https://restful-booker.herokuapp.com/booking</arg>
<arg>${body}</arg>
<doc>Sends a GET request.</doc>
<msg timestamp="20231027 11:13:21.926" level="INFO">GET Request : url=https://restful-booker.herokuapp.com/booking?firstname=John 
 path_url=/booking?firstname=John 
 headers={'User-Agent': 'python-requests/2.31.0', 'Accept-Encoding': 'gzip, deflate', 'Accept': '*/*', 'Connection': 'keep-alive'} 
 body=None 
 </msg>
<msg timestamp="20231027 11:13:21.926" level="INFO">GET Response : url=https://restful-booker.herokuapp.com/booking?firstname=John 
 status=200, reason=OK 
 headers={'Server': 'Cowboy', 'Report-To': '{"group":"heroku-nel","max_age":3600,"endpoints":[{"url":"https://nel.heroku.com/reports?ts=1698394401&amp;sid=c46efe9b-d3d2-4a0c-8c76-bfafa16c5add&amp;s=rJXvYWmIT0hL7oV2LRu0C8o%2BqESy0MCg%2FZdWXj2f8dU%3D"}]}', 'Reporting-Endpoints': 'heroku-nel=https://nel.heroku.com/reports?ts=1698394401&amp;sid=c46efe9b-d3d2-4a0c-8c76-bfafa16c5add&amp;s=rJXvYWmIT0hL7oV2LRu0C8o%2BqESy0MCg%2FZdWXj2f8dU%3D', 'Nel': '{"report_to":"heroku-nel","max_age":3600,"success_fraction":0.005,"failure_fraction":0.05,"response_headers":["Via"]}', 'Connection': 'keep-alive', 'X-Powered-By': 'Express', 'Content-Type': 'application/json; charset=utf-8', 'Content-Length': '2979', 'Etag': 'W/"ba3-Ck9Jm8oazFniI1ZEcDls1OpwBc4"', 'Date': 'Fri, 27 Oct 2023 08:13:21 GMT', 'Via': '1.1 vegur'} 
 body=[{"bookingid":169},{"bookingid":322},{"bookingid":389},{"bookingid":83},{"bookingid":498},{"bookingid":90},{"bookingid":247},{"bookingid":527},{"bookingid":423},{"bookingid":378},{"bookingid":227},{"bookingid":398},{"bookingid":456},{"bookingid":278},{"bookingid":489},{"bookingid":332},{"bookingid":58},{"bookingid":18},{"bookingid":387},{"bookingid":376},{"bookingid":507},{"bookingid":279},{"bookingid":175},{"bookingid":231},{"bookingid":462},{"bookingid":212},{"bookingid":117},{"bookingid":481},{"bookingid":148},{"bookingid":239},{"bookingid":129},{"bookingid":476},{"bookingid":504},{"bookingid":291},{"bookingid":290},{"bookingid":164},{"bookingid":132},{"bookingid":202},{"bookingid":46},{"bookingid":195},{"bookingid":320},{"bookingid":296},{"bookingid":414},{"bookingid":480},{"bookingid":493},{"bookingid":403},{"bookingid":358},{"bookingid":545},{"bookingid":449},{"bookingid":533},{"bookingid":262},{"bookingid":297},{"bookingid":353},{"bookingid":274},{"bookingid":31},{"bookingid":77},{"bookingid":88},{"bookingid":115},{"bookingid":163},{"bookingid":436},{"bookingid":393},{"bookingid":242},{"bookingid":473},{"bookingid":341},{"bookingid":181},{"bookingid":267},{"bookingid":532},{"bookingid":211},{"bookingid":369},{"bookingid":463},{"bookingid":19},{"bookingid":82},{"bookingid":254},{"bookingid":362},{"bookingid":41},{"bookingid":283},{"bookingid":260},{"bookingid":52},{"bookingid":47},{"bookingid":232},{"bookingid":329},{"bookingid":457},{"bookingid":126},{"bookingid":137},{"bookingid":230},{"bookingid":492},{"bookingid":11},{"bookingid":284},{"bookingid":190},{"bookingid":106},{"bookingid":415},{"bookingid":305},{"bookingid":71},{"bookingid":486},{"bookingid":97},{"bookingid":312},{"bookingid":333},{"bookingid":401},{"bookingid":182},{"bookingid":116},{"bookingid":27},{"bookingid":65},{"bookingid":221},{"bookingid":311},{"bookingid":334},{"bookingid":540},{"bookingid":218},{"bookingid":193},{"bookingid":424},{"bookingid":159},{"bookingid":266},{"bookingid":539},{"bookingid":30},{"bookingid":15},{"bookingid":135},{"bookingid":409},{"bookingid":373},{"bookingid":108},{"bookingid":526},{"bookingid":209},{"bookingid":157},{"bookingid":356},{"bookingid":522},{"bookingid":139},{"bookingid":203},{"bookingid":96},{"bookingid":325},{"bookingid":107},{"bookingid":552},{"bookingid":443},{"bookingid":151},{"bookingid":307},{"bookingid":441},{"bookingid":196},{"bookingid":302},{"bookingid":317},{"bookingid":76},{"bookingid":348},{"bookingid":256},{"bookingid":94},{"bookingid":470},{"bookingid":56},{"bookingid":361},{"bookingid":510},{"bookingid":223},{"bookingid":430},{"bookingid":187},{"bookingid":32},{"bookingid":40},{"bookingid":143},{"bookingid":499},{"bookingid":547},{"bookingid":518},{"bookingid":368},{"bookingid":119},{"bookingid":70},{"bookingid":95},{"bookingid":448},{"bookingid":513},{"bookingid":447},{"bookingid":429},{"bookingid":153},{"bookingid":468},{"bookingid":384},{"bookingid":272},{"bookingid":396},{"bookingid":435}] 
 </msg>
<msg timestamp="20231027 11:13:21.927" level="INFO">${response} = &lt;Response [200]&gt;</msg>
<status status="PASS" starttime="20231027 11:13:21.157" endtime="20231027 11:13:21.927"/>
</kw>
<kw name="Status Should Be" library="RequestsLibrary">
<arg>200</arg>
<doc>Fails if response status code is different than the expected.</doc>
<status status="PASS" starttime="20231027 11:13:21.927" endtime="20231027 11:13:21.927"/>
</kw>
<kw name="Log List" library="Collections">
<arg>${response.json()}</arg>
<doc>Logs the length and contents of the ``list`` using given ``level``.</doc>
<msg timestamp="20231027 11:13:21.929" level="INFO">List length is 167 and it contains following items:
0: {'bookingid': 169}
1: {'bookingid': 322}
2: {'bookingid': 389}
3: {'bookingid': 83}
4: {'bookingid': 498}
5: {'bookingid': 90}
6: {'bookingid': 247}
7: {'bookingid': 527}
8: {'bookingid': 423}
9: {'bookingid': 378}
10: {'bookingid': 227}
11: {'bookingid': 398}
12: {'bookingid': 456}
13: {'bookingid': 278}
14: {'bookingid': 489}
15: {'bookingid': 332}
16: {'bookingid': 58}
17: {'bookingid': 18}
18: {'bookingid': 387}
19: {'bookingid': 376}
20: {'bookingid': 507}
21: {'bookingid': 279}
22: {'bookingid': 175}
23: {'bookingid': 231}
24: {'bookingid': 462}
25: {'bookingid': 212}
26: {'bookingid': 117}
27: {'bookingid': 481}
28: {'bookingid': 148}
29: {'bookingid': 239}
30: {'bookingid': 129}
31: {'bookingid': 476}
32: {'bookingid': 504}
33: {'bookingid': 291}
34: {'bookingid': 290}
35: {'bookingid': 164}
36: {'bookingid': 132}
37: {'bookingid': 202}
38: {'bookingid': 46}
39: {'bookingid': 195}
40: {'bookingid': 320}
41: {'bookingid': 296}
42: {'bookingid': 414}
43: {'bookingid': 480}
44: {'bookingid': 493}
45: {'bookingid': 403}
46: {'bookingid': 358}
47: {'bookingid': 545}
48: {'bookingid': 449}
49: {'bookingid': 533}
50: {'bookingid': 262}
51: {'bookingid': 297}
52: {'bookingid': 353}
53: {'bookingid': 274}
54: {'bookingid': 31}
55: {'bookingid': 77}
56: {'bookingid': 88}
57: {'bookingid': 115}
58: {'bookingid': 163}
59: {'bookingid': 436}
60: {'bookingid': 393}
61: {'bookingid': 242}
62: {'bookingid': 473}
63: {'bookingid': 341}
64: {'bookingid': 181}
65: {'bookingid': 267}
66: {'bookingid': 532}
67: {'bookingid': 211}
68: {'bookingid': 369}
69: {'bookingid': 463}
70: {'bookingid': 19}
71: {'bookingid': 82}
72: {'bookingid': 254}
73: {'bookingid': 362}
74: {'bookingid': 41}
75: {'bookingid': 283}
76: {'bookingid': 260}
77: {'bookingid': 52}
78: {'bookingid': 47}
79: {'bookingid': 232}
80: {'bookingid': 329}
81: {'bookingid': 457}
82: {'bookingid': 126}
83: {'bookingid': 137}
84: {'bookingid': 230}
85: {'bookingid': 492}
86: {'bookingid': 11}
87: {'bookingid': 284}
88: {'bookingid': 190}
89: {'bookingid': 106}
90: {'bookingid': 415}
91: {'bookingid': 305}
92: {'bookingid': 71}
93: {'bookingid': 486}
94: {'bookingid': 97}
95: {'bookingid': 312}
96: {'bookingid': 333}
97: {'bookingid': 401}
98: {'bookingid': 182}
99: {'bookingid': 116}
100: {'bookingid': 27}
101: {'bookingid': 65}
102: {'bookingid': 221}
103: {'bookingid': 311}
104: {'bookingid': 334}
105: {'bookingid': 540}
106: {'bookingid': 218}
107: {'bookingid': 193}
108: {'bookingid': 424}
109: {'bookingid': 159}
110: {'bookingid': 266}
111: {'bookingid': 539}
112: {'bookingid': 30}
113: {'bookingid': 15}
114: {'bookingid': 135}
115: {'bookingid': 409}
116: {'bookingid': 373}
117: {'bookingid': 108}
118: {'bookingid': 526}
119: {'bookingid': 209}
120: {'bookingid': 157}
121: {'bookingid': 356}
122: {'bookingid': 522}
123: {'bookingid': 139}
124: {'bookingid': 203}
125: {'bookingid': 96}
126: {'bookingid': 325}
127: {'bookingid': 107}
128: {'bookingid': 552}
129: {'bookingid': 443}
130: {'bookingid': 151}
131: {'bookingid': 307}
132: {'bookingid': 441}
133: {'bookingid': 196}
134: {'bookingid': 302}
135: {'bookingid': 317}
136: {'bookingid': 76}
137: {'bookingid': 348}
138: {'bookingid': 256}
139: {'bookingid': 94}
140: {'bookingid': 470}
141: {'bookingid': 56}
142: {'bookingid': 361}
143: {'bookingid': 510}
144: {'bookingid': 223}
145: {'bookingid': 430}
146: {'bookingid': 187}
147: {'bookingid': 32}
148: {'bookingid': 40}
149: {'bookingid': 143}
150: {'bookingid': 499}
151: {'bookingid': 547}
152: {'bookingid': 518}
153: {'bookingid': 368}
154: {'bookingid': 119}
155: {'bookingid': 70}
156: {'bookingid': 95}
157: {'bookingid': 448}
158: {'bookingid': 513}
159: {'bookingid': 447}
160: {'bookingid': 429}
161: {'bookingid': 153}
162: {'bookingid': 468}
163: {'bookingid': 384}
164: {'bookingid': 272}
165: {'bookingid': 396}
166: {'bookingid': 435}</msg>
<status status="PASS" starttime="20231027 11:13:21.927" endtime="20231027 11:13:21.929"/>
</kw>
<for flavor="IN">
<var>${booking}</var>
<value>@{response.json()}</value>
<iter>
<var name="${booking}">{'bookingid': 169}</var>
<kw name="GET" library="RequestsLibrary">
<var>${response}</var>
<arg>https://restful-booker.herokuapp.com/booking/${booking}[bookingid]</arg>
<doc>Sends a GET request.</doc>
<msg timestamp="20231027 11:13:22.789" level="INFO">GET Request : url=https://restful-booker.herokuapp.com/booking/169 
 path_url=/booking/169 
 headers={'User-Agent': 'python-requests/2.31.0', 'Accept-Encoding': 'gzip, deflate', 'Accept': '*/*', 'Connection': 'keep-alive'} 
 body=None 
 </msg>
<msg timestamp="20231027 11:13:22.789" level="INFO">GET Response : url=https://restful-booker.herokuapp.com/booking/169 
 status=200, reason=OK 
 headers={'Server': 'Cowboy', 'Report-To': '{"group":"heroku-nel","max_age":3600,"endpoints":[{"url":"https://nel.heroku.com/reports?ts=1698394402&amp;sid=c46efe9b-d3d2-4a0c-8c76-bfafa16c5add&amp;s=voPj27k%2BKfA2MRjZ8TgwmsKzMxnv%2FdJUe7WuRAxFK%2Fc%3D"}]}', 'Reporting-Endpoints': 'heroku-nel=https://nel.heroku.com/reports?ts=1698394402&amp;sid=c46efe9b-d3d2-4a0c-8c76-bfafa16c5add&amp;s=voPj27k%2BKfA2MRjZ8TgwmsKzMxnv%2FdJUe7WuRAxFK%2Fc%3D', 'Nel': '{"report_to":"heroku-nel","max_age":3600,"success_fraction":0.005,"failure_fraction":0.05,"response_headers":["Via"]}', 'Connection': 'keep-alive', 'X-Powered-By': 'Express', 'Content-Type': 'application/json; charset=utf-8', 'Content-Length': '169', 'Etag': 'W/"a9-pLno4M4jARCCH8k0BsLT0ALMqUE"', 'Date': 'Fri, 27 Oct 2023 08:13:22 GMT', 'Via': '1.1 vegur'} 
 body={"firstname":"John","lastname":"Smith","totalprice":111,"depositpaid":true,"bookingdates":{"checkin":"2018-01-01","checkout":"2019-01-01"},"additionalneeds":"Breakfast"} 
 </msg>
<msg timestamp="20231027 11:13:22.791" level="INFO">${response} = &lt;Response [200]&gt;</msg>
<status status="PASS" starttime="20231027 11:13:21.930" endtime="20231027 11:13:22.791"/>
</kw>
<try>
<branch type="TRY">
<kw name="Log" library="BuiltIn">
<arg>${response.json()}</arg>
<doc>Logs the given message with the given level.</doc>
<msg timestamp="20231027 11:13:22.792" level="INFO">{'firstname': 'John', 'lastname': 'Smith', 'totalprice': 111, 'depositpaid': True, 'bookingdates': {'checkin': '2018-01-01', 'checkout': '2019-01-01'}, 'additionalneeds': 'Breakfast'}</msg>
<status status="PASS" starttime="20231027 11:13:22.791" endtime="20231027 11:13:22.792"/>
</kw>
<status status="PASS" starttime="20231027 11:13:22.791" endtime="20231027 11:13:22.792"/>
</branch>
<branch type="EXCEPT">
<kw name="Log" library="BuiltIn">
<arg>Cannot retrieve JSON due to invalid data</arg>
<doc>Logs the given message with the given level.</doc>
<status status="NOT RUN" starttime="20231027 11:13:22.792" endtime="20231027 11:13:22.792"/>
</kw>
<status status="NOT RUN" starttime="20231027 11:13:22.792" endtime="20231027 11:13:22.793"/>
</branch>
<status status="PASS" starttime="20231027 11:13:22.791" endtime="20231027 11:13:22.793"/>
</try>
<status status="PASS" starttime="20231027 11:13:21.930" endtime="20231027 11:13:22.793"/>
</iter>
<iter>
<var name="${booking}">{'bookingid': 322}</var>
<kw name="GET" library="RequestsLibrary">
<var>${response}</var>
<arg>https://restful-booker.herokuapp.com/booking/${booking}[bookingid]</arg>
<doc>Sends a GET request.</doc>
<msg timestamp="20231027 11:13:23.609" level="INFO">GET Request : url=https://restful-booker.herokuapp.com/booking/322 
 path_url=/booking/322 
 headers={'User-Agent': 'python-requests/2.31.0', 'Accept-Encoding': 'gzip, deflate', 'Accept': '*/*', 'Connection': 'keep-alive'} 
 body=None 
 </msg>
<msg timestamp="20231027 11:13:23.609" level="INFO">GET Response : url=https://restful-booker.herokuapp.com/booking/322 
 status=200, reason=OK 
 headers={'Server': 'Cowboy', 'Report-To': '{"group":"heroku-nel","max_age":3600,"endpoints":[{"url":"https://nel.heroku.com/reports?ts=1698394403&amp;sid=c46efe9b-d3d2-4a0c-8c76-bfafa16c5add&amp;s=D3YKvPngFUwN6hcFhmB3lNImI3bMkPsxN51FpKj9PlE%3D"}]}', 'Reporting-Endpoints': 'heroku-nel=https://nel.heroku.com/reports?ts=1698394403&amp;sid=c46efe9b-d3d2-4a0c-8c76-bfafa16c5add&amp;s=D3YKvPngFUwN6hcFhmB3lNImI3bMkPsxN51FpKj9PlE%3D', 'Nel': '{"report_to":"heroku-nel","max_age":3600,"success_fraction":0.005,"failure_fraction":0.05,"response_headers":["Via"]}', 'Connection': 'keep-alive', 'X-Powered-By': 'Express', 'Content-Type': 'application/json; charset=utf-8', 'Content-Length': '169', 'Etag': 'W/"a9-pLno4M4jARCCH8k0BsLT0ALMqUE"', 'Date': 'Fri, 27 Oct 2023 08:13:23 GMT', 'Via': '1.1 vegur'} 
 body={"firstname":"John","lastname":"Smith","totalprice":111,"depositpaid":true,"bookingdates":{"checkin":"2018-01-01","checkout":"2019-01-01"},"additionalneeds":"Breakfast"} 
 </msg>
<msg timestamp="20231027 11:13:23.611" level="INFO">${response} = &lt;Response [200]&gt;</msg>
<status status="PASS" starttime="20231027 11:13:22.793" endtime="20231027 11:13:23.611"/>
</kw>
<try>
<branch type="TRY">
<kw name="Log" library="BuiltIn">
<arg>${response.json()}</arg>
<doc>Logs the given message with the given level.</doc>
<msg timestamp="20231027 11:13:23.612" level="INFO">{'firstname': 'John', 'lastname': 'Smith', 'totalprice': 111, 'depositpaid': True, 'bookingdates': {'checkin': '2018-01-01', 'checkout': '2019-01-01'}, 'additionalneeds': 'Breakfast'}</msg>
<status status="PASS" starttime="20231027 11:13:23.611" endtime="20231027 11:13:23.612"/>
</kw>
<status status="PASS" starttime="20231027 11:13:23.611" endtime="20231027 11:13:23.612"/>
</branch>
<branch type="EXCEPT">
<kw name="Log" library="BuiltIn">
<arg>Cannot retrieve JSON due to invalid data</arg>
<doc>Logs the given message with the given level.</doc>
<status status="NOT RUN" starttime="20231027 11:13:23.612" endtime="20231027 11:13:23.612"/>
</kw>
<status status="NOT RUN" starttime="20231027 11:13:23.612" endtime="20231027 11:13:23.612"/>
</branch>
<status status="PASS" starttime="20231027 11:13:23.611" endtime="20231027 11:13:23.612"/>
</try>
<status status="PASS" starttime="20231027 11:13:22.793" endtime="20231027 11:13:23.612"/>
</iter>
<iter>
<var name="${booking}">{'bookingid': 389}</var>
<kw name="GET" library="RequestsLibrary">
<var>${response}</var>
<arg>https://restful-booker.herokuapp.com/booking/${booking}[bookingid]</arg>
<doc>Sends a GET request.</doc>
<msg timestamp="20231027 11:13:24.428" level="INFO">GET Request : url=https://restful-booker.herokuapp.com/booking/389 
 path_url=/booking/389 
 headers={'User-Agent': 'python-requests/2.31.0', 'Accept-Encoding': 'gzip, deflate', 'Accept': '*/*', 'Connection': 'keep-alive'} 
 body=None 
 </msg>
<msg timestamp="20231027 11:13:24.428" level="INFO">GET Response : url=https://restful-booker.herokuapp.com/booking/389 
 status=200, reason=OK 
 headers={'Server': 'Cowboy', 'Connection': 'keep-alive', 'X-Powered-By': 'Express', 'Content-Type': 'application/json; charset=utf-8', 'Content-Length': '169', 'Etag': 'W/"a9-pLno4M4jARCCH8k0BsLT0ALMqUE"', 'Date': 'Fri, 27 Oct 2023 08:13:24 GMT', 'Via': '1.1 vegur'} 
 body={"firstname":"John","lastname":"Smith","totalprice":111,"depositpaid":true,"bookingdates":{"checkin":"2018-01-01","checkout":"2019-01-01"},"additionalneeds":"Breakfast"} 
 </msg>
<msg timestamp="20231027 11:13:24.430" level="INFO">${response} = &lt;Response [200]&gt;</msg>
<status status="PASS" starttime="20231027 11:13:23.612" endtime="20231027 11:13:24.430"/>
</kw>
<try>
<branch type="TRY">
<kw name="Log" library="BuiltIn">
<arg>${response.json()}</arg>
<doc>Logs the given message with the given level.</doc>
<msg timestamp="20231027 11:13:24.431" level="INFO">{'firstname': 'John', 'lastname': 'Smith', 'totalprice': 111, 'depositpaid': True, 'bookingdates': {'checkin': '2018-01-01', 'checkout': '2019-01-01'}, 'additionalneeds': 'Breakfast'}</msg>
<status status="PASS" starttime="20231027 11:13:24.430" endtime="20231027 11:13:24.431"/>
</kw>
<status status="PASS" starttime="20231027 11:13:24.430" endtime="20231027 11:13:24.431"/>
</branch>
<branch type="EXCEPT">
<kw name="Log" library="BuiltIn">
<arg>Cannot retrieve JSON due to invalid data</arg>
<doc>Logs the given message with the given level.</doc>
<status status="NOT RUN" starttime="20231027 11:13:24.431" endtime="20231027 11:13:24.431"/>
</kw>
<status status="NOT RUN" starttime="20231027 11:13:24.431" endtime="20231027 11:13:24.431"/>
</branch>
<status status="PASS" starttime="20231027 11:13:24.430" endtime="20231027 11:13:24.431"/>
</try>
<status status="PASS" starttime="20231027 11:13:23.612" endtime="20231027 11:13:24.431"/>
</iter>
<iter>
<var name="${booking}">{'bookingid': 83}</var>
<kw name="GET" library="RequestsLibrary">
<var>${response}</var>
<arg>https://restful-booker.herokuapp.com/booking/${booking}[bookingid]</arg>
<doc>Sends a GET request.</doc>
<msg timestamp="20231027 11:13:25.246" level="INFO">GET Request : url=https://restful-booker.herokuapp.com/booking/83 
 path_url=/booking/83 
 headers={'User-Agent': 'python-requests/2.31.0', 'Accept-Encoding': 'gzip, deflate', 'Accept': '*/*', 'Connection': 'keep-alive'} 
 body=None 
 </msg>
<msg timestamp="20231027 11:13:25.246" level="INFO">GET Response : url=https://restful-booker.herokuapp.com/booking/83 
 status=200, reason=OK 
 headers={'Server': 'Cowboy', 'Report-To': '{"group":"heroku-nel","max_age":3600,"endpoints":[{"url":"https://nel.heroku.com/reports?ts=1698394405&amp;sid=c46efe9b-d3d2-4a0c-8c76-bfafa16c5add&amp;s=hXZYPHev4sTWxy%2FUS%2BGLm6JOfpkX6TB7UUMWdh1xV7Q%3D"}]}', 'Reporting-Endpoints': 'heroku-nel=https://nel.heroku.com/reports?ts=1698394405&amp;sid=c46efe9b-d3d2-4a0c-8c76-bfafa16c5add&amp;s=hXZYPHev4sTWxy%2FUS%2BGLm6JOfpkX6TB7UUMWdh1xV7Q%3D', 'Nel': '{"report_to":"heroku-nel","max_age":3600,"success_fraction":0.005,"failure_fraction":0.05,"response_headers":["Via"]}', 'Connection': 'keep-alive', 'X-Powered-By': 'Express', 'Content-Type': 'application/json; charset=utf-8', 'Content-Length': '169', 'Etag': 'W/"a9-pLno4M4jARCCH8k0BsLT0ALMqUE"', 'Date': 'Fri, 27 Oct 2023 08:13:25 GMT', 'Via': '1.1 vegur'} 
 body={"firstname":"John","lastname":"Smith","totalprice":111,"depositpaid":true,"bookingdates":{"checkin":"2018-01-01","checkout":"2019-01-01"},"additionalneeds":"Breakfast"} 
 </msg>
<msg timestamp="20231027 11:13:25.248" level="INFO">${response} = &lt;Response [200]&gt;</msg>
<status status="PASS" starttime="20231027 11:13:24.431" endtime="20231027 11:13:25.248"/>
</kw>
<try>
<branch type="TRY">
<kw name="Log" library="BuiltIn">
<arg>${response.json()}</arg>
<doc>Logs the given message with the given level.</doc>
<msg timestamp="20231027 11:13:25.249" level="INFO">{'firstname': 'John', 'lastname': 'Smith', 'totalprice': 111, 'depositpaid': True, 'bookingdates': {'checkin': '2018-01-01', 'checkout': '2019-01-01'}, 'additionalneeds': 'Breakfast'}</msg>
<status status="PASS" starttime="20231027 11:13:25.248" endtime="20231027 11:13:25.249"/>
</kw>
<status status="PASS" starttime="20231027 11:13:25.248" endtime="20231027 11:13:25.249"/>
</branch>
<branch type="EXCEPT">
<kw name="Log" library="BuiltIn">
<arg>Cannot retrieve JSON due to invalid data</arg>
<doc>Logs the given message with the given level.</doc>
<status status="NOT RUN" starttime="20231027 11:13:25.249" endtime="20231027 11:13:25.249"/>
</kw>
<status status="NOT RUN" starttime="20231027 11:13:25.249" endtime="20231027 11:13:25.249"/>
</branch>
<status status="PASS" starttime="20231027 11:13:25.248" endtime="20231027 11:13:25.250"/>
</try>
<status status="PASS" starttime="20231027 11:13:24.431" endtime="20231027 11:13:25.250"/>
</iter>
<iter>
<var name="${booking}">{'bookingid': 498}</var>
<kw name="GET" library="RequestsLibrary">
<var>${response}</var>
<arg>https://restful-booker.herokuapp.com/booking/${booking}[bookingid]</arg>
<doc>Sends a GET request.</doc>
<msg timestamp="20231027 11:13:26.065" level="INFO">GET Request : url=https://restful-booker.herokuapp.com/booking/498 
 path_url=/booking/498 
 headers={'User-Agent': 'python-requests/2.31.0', 'Accept-Encoding': 'gzip, deflate', 'Accept': '*/*', 'Connection': 'keep-alive'} 
 body=None 
 </msg>
<msg timestamp="20231027 11:13:26.065" level="INFO">GET Response : url=https://restful-booker.herokuapp.com/booking/498 
 status=200, reason=OK 
 headers={'Server': 'Cowboy', 'Report-To': '{"group":"heroku-nel","max_age":3600,"endpoints":[{"url":"https://nel.heroku.com/reports?ts=1698394406&amp;sid=c46efe9b-d3d2-4a0c-8c76-bfafa16c5add&amp;s=CR3SJhyUs%2FainkyuiS8R6QYCFDTGUsk71g49dyy5EbA%3D"}]}', 'Reporting-Endpoints': 'heroku-nel=https://nel.heroku.com/reports?ts=1698394406&amp;sid=c46efe9b-d3d2-4a0c-8c76-bfafa16c5add&amp;s=CR3SJhyUs%2FainkyuiS8R6QYCFDTGUsk71g49dyy5EbA%3D', 'Nel': '{"report_to":"heroku-nel","max_age":3600,"success_fraction":0.005,"failure_fraction":0.05,"response_headers":["Via"]}', 'Connection': 'keep-alive', 'X-Powered-By': 'Express', 'Content-Type': 'application/json; charset=utf-8', 'Content-Length': '169', 'Etag': 'W/"a9-pLno4M4jARCCH8k0BsLT0ALMqUE"', 'Date': 'Fri, 27 Oct 2023 08:13:26 GMT', 'Via': '1.1 vegur'} 
 body={"firstname":"John","lastname":"Smith","totalprice":111,"depositpaid":true,"bookingdates":{"checkin":"2018-01-01","checkout":"2019-01-01"},"additionalneeds":"Breakfast"} 
 </msg>
<msg timestamp="20231027 11:13:26.067" level="INFO">${response} = &lt;Response [200]&gt;</msg>
<status status="PASS" starttime="20231027 11:13:25.250" endtime="20231027 11:13:26.067"/>
</kw>
<try>
<branch type="TRY">
<kw name="Log" library="BuiltIn">
<arg>${response.json()}</arg>
<doc>Logs the given message with the given level.</doc>
<msg timestamp="20231027 11:13:26.068" level="INFO">{'firstname': 'John', 'lastname': 'Smith', 'totalprice': 111, 'depositpaid': True, 'bookingdates': {'checkin': '2018-01-01', 'checkout': '2019-01-01'}, 'additionalneeds': 'Breakfast'}</msg>
<status status="PASS" starttime="20231027 11:13:26.067" endtime="20231027 11:13:26.068"/>
</kw>
<status status="PASS" starttime="20231027 11:13:26.067" endtime="20231027 11:13:26.068"/>
</branch>
<branch type="EXCEPT">
<kw name="Log" library="BuiltIn">
<arg>Cannot retrieve JSON due to invalid data</arg>
<doc>Logs the given message with the given level.</doc>
<status status="NOT RUN" starttime="20231027 11:13:26.068" endtime="20231027 11:13:26.068"/>
</kw>
<status status="NOT RUN" starttime="20231027 11:13:26.068" endtime="20231027 11:13:26.068"/>
</branch>
<status status="PASS" starttime="20231027 11:13:26.067" endtime="20231027 11:13:26.068"/>
</try>
<status status="PASS" starttime="20231027 11:13:25.250" endtime="20231027 11:13:26.068"/>
</iter>
<iter>
<var name="${booking}">{'bookingid': 90}</var>
<kw name="GET" library="RequestsLibrary">
<var>${response}</var>
<arg>https://restful-booker.herokuapp.com/booking/${booking}[bookingid]</arg>
<doc>Sends a GET request.</doc>
<msg timestamp="20231027 11:13:26.885" level="INFO">GET Request : url=https://restful-booker.herokuapp.com/booking/90 
 path_url=/booking/90 
 headers={'User-Agent': 'python-requests/2.31.0', 'Accept-Encoding': 'gzip, deflate', 'Accept': '*/*', 'Connection': 'keep-alive'} 
 body=None 
 </msg>
<msg timestamp="20231027 11:13:26.885" level="INFO">GET Response : url=https://restful-booker.herokuapp.com/booking/90 
 status=200, reason=OK 
 headers={'Server': 'Cowboy', 'Report-To': '{"group":"heroku-nel","max_age":3600,"endpoints":[{"url":"https://nel.heroku.com/reports?ts=1698394406&amp;sid=c46efe9b-d3d2-4a0c-8c76-bfafa16c5add&amp;s=CR3SJhyUs%2FainkyuiS8R6QYCFDTGUsk71g49dyy5EbA%3D"}]}', 'Reporting-Endpoints': 'heroku-nel=https://nel.heroku.com/reports?ts=1698394406&amp;sid=c46efe9b-d3d2-4a0c-8c76-bfafa16c5add&amp;s=CR3SJhyUs%2FainkyuiS8R6QYCFDTGUsk71g49dyy5EbA%3D', 'Nel': '{"report_to":"heroku-nel","max_age":3600,"success_fraction":0.005,"failure_fraction":0.05,"response_headers":["Via"]}', 'Connection': 'keep-alive', 'X-Powered-By': 'Express', 'Content-Type': 'application/json; charset=utf-8', 'Content-Length': '169', 'Etag': 'W/"a9-pLno4M4jARCCH8k0BsLT0ALMqUE"', 'Date': 'Fri, 27 Oct 2023 08:13:26 GMT', 'Via': '1.1 vegur'} 
 body={"firstname":"John","lastname":"Smith","totalprice":111,"depositpaid":true,"bookingdates":{"checkin":"2018-01-01","checkout":"2019-01-01"},"additionalneeds":"Breakfast"} 
 </msg>
<msg timestamp="20231027 11:13:26.886" level="INFO">${response} = &lt;Response [200]&gt;</msg>
<status status="PASS" starttime="20231027 11:13:26.069" endtime="20231027 11:13:26.887"/>
</kw>
<try>
<branch type="TRY">
<kw name="Log" library="BuiltIn">
<arg>${response.json()}</arg>
<doc>Logs the given message with the given level.</doc>
<msg timestamp="20231027 11:13:26.887" level="INFO">{'firstname': 'John', 'lastname': 'Smith', 'totalprice': 111, 'depositpaid': True, 'bookingdates': {'checkin': '2018-01-01', 'checkout': '2019-01-01'}, 'additionalneeds': 'Breakfast'}</msg>
<status status="PASS" starttime="20231027 11:13:26.887" endtime="20231027 11:13:26.888"/>
</kw>
<status status="PASS" starttime="20231027 11:13:26.887" endtime="20231027 11:13:26.888"/>
</branch>
<branch type="EXCEPT">
<kw name="Log" library="BuiltIn">
<arg>Cannot retrieve JSON due to invalid data</arg>
<doc>Logs the given message with the given level.</doc>
<status status="NOT RUN" starttime="20231027 11:13:26.888" endtime="20231027 11:13:26.888"/>
</kw>
<status status="NOT RUN" starttime="20231027 11:13:26.888" endtime="20231027 11:13:26.888"/>
</branch>
<status status="PASS" starttime="20231027 11:13:26.887" endtime="20231027 11:13:26.888"/>
</try>
<status status="PASS" starttime="20231027 11:13:26.068" endtime="20231027 11:13:26.888"/>
</iter>
<iter>
<var name="${booking}">{'bookingid': 247}</var>
<kw name="GET" library="RequestsLibrary">
<var>${response}</var>
<arg>https://restful-booker.herokuapp.com/booking/${booking}[bookingid]</arg>
<doc>Sends a GET request.</doc>
<msg timestamp="20231027 11:13:27.704" level="INFO">GET Request : url=https://restful-booker.herokuapp.com/booking/247 
 path_url=/booking/247 
 headers={'User-Agent': 'python-requests/2.31.0', 'Accept-Encoding': 'gzip, deflate', 'Accept': '*/*', 'Connection': 'keep-alive'} 
 body=None 
 </msg>
<msg timestamp="20231027 11:13:27.704" level="INFO">GET Response : url=https://restful-booker.herokuapp.com/booking/247 
 status=200, reason=OK 
 headers={'Server': 'Cowboy', 'Report-To': '{"group":"heroku-nel","max_age":3600,"endpoints":[{"url":"https://nel.heroku.com/reports?ts=1698394407&amp;sid=c46efe9b-d3d2-4a0c-8c76-bfafa16c5add&amp;s=Lexd3w%2BZLKw95go1cWj9aZTzOuKRIFmwWJgPbnxN2e8%3D"}]}', 'Reporting-Endpoints': 'heroku-nel=https://nel.heroku.com/reports?ts=1698394407&amp;sid=c46efe9b-d3d2-4a0c-8c76-bfafa16c5add&amp;s=Lexd3w%2BZLKw95go1cWj9aZTzOuKRIFmwWJgPbnxN2e8%3D', 'Nel': '{"report_to":"heroku-nel","max_age":3600,"success_fraction":0.005,"failure_fraction":0.05,"response_headers":["Via"]}', 'Connection': 'keep-alive', 'X-Powered-By': 'Express', 'Content-Type': 'application/json; charset=utf-8', 'Content-Length': '169', 'Etag': 'W/"a9-pLno4M4jARCCH8k0BsLT0ALMqUE"', 'Date': 'Fri, 27 Oct 2023 08:13:27 GMT', 'Via': '1.1 vegur'} 
 body={"firstname":"John","lastname":"Smith","totalprice":111,"depositpaid":true,"bookingdates":{"checkin":"2018-01-01","checkout":"2019-01-01"},"additionalneeds":"Breakfast"} 
 </msg>
<msg timestamp="20231027 11:13:27.706" level="INFO">${response} = &lt;Response [200]&gt;</msg>
<status status="PASS" starttime="20231027 11:13:26.888" endtime="20231027 11:13:27.706"/>
</kw>
<try>
<branch type="TRY">
<kw name="Log" library="BuiltIn">
<arg>${response.json()}</arg>
<doc>Logs the given message with the given level.</doc>
<msg timestamp="20231027 11:13:27.707" level="INFO">{'firstname': 'John', 'lastname': 'Smith', 'totalprice': 111, 'depositpaid': True, 'bookingdates': {'checkin': '2018-01-01', 'checkout': '2019-01-01'}, 'additionalneeds': 'Breakfast'}</msg>
<status status="PASS" starttime="20231027 11:13:27.706" endtime="20231027 11:13:27.707"/>
</kw>
<status status="PASS" starttime="20231027 11:13:27.706" endtime="20231027 11:13:27.707"/>
</branch>
<branch type="EXCEPT">
<kw name="Log" library="BuiltIn">
<arg>Cannot retrieve JSON due to invalid data</arg>
<doc>Logs the given message with the given level.</doc>
<status status="NOT RUN" starttime="20231027 11:13:27.707" endtime="20231027 11:13:27.707"/>
</kw>
<status status="NOT RUN" starttime="20231027 11:13:27.707" endtime="20231027 11:13:27.707"/>
</branch>
<status status="PASS" starttime="20231027 11:13:27.706" endtime="20231027 11:13:27.707"/>
</try>
<status status="PASS" starttime="20231027 11:13:26.888" endtime="20231027 11:13:27.708"/>
</iter>
<iter>
<var name="${booking}">{'bookingid': 527}</var>
<kw name="GET" library="RequestsLibrary">
<var>${response}</var>
<arg>https://restful-booker.herokuapp.com/booking/${booking}[bookingid]</arg>
<doc>Sends a GET request.</doc>
<msg timestamp="20231027 11:13:28.523" level="INFO">GET Request : url=https://restful-booker.herokuapp.com/booking/527 
 path_url=/booking/527 
 headers={'User-Agent': 'python-requests/2.31.0', 'Accept-Encoding': 'gzip, deflate', 'Accept': '*/*', 'Connection': 'keep-alive'} 
 body=None 
 </msg>
<msg timestamp="20231027 11:13:28.523" level="INFO">GET Response : url=https://restful-booker.herokuapp.com/booking/527 
 status=200, reason=OK 
 headers={'Server': 'Cowboy', 'Connection': 'keep-alive', 'X-Powered-By': 'Express', 'Content-Type': 'application/json; charset=utf-8', 'Content-Length': '169', 'Etag': 'W/"a9-pLno4M4jARCCH8k0BsLT0ALMqUE"', 'Date': 'Fri, 27 Oct 2023 08:13:28 GMT', 'Via': '1.1 vegur'} 
 body={"firstname":"John","lastname":"Smith","totalprice":111,"depositpaid":true,"bookingdates":{"checkin":"2018-01-01","checkout":"2019-01-01"},"additionalneeds":"Breakfast"} 
 </msg>
<msg timestamp="20231027 11:13:28.524" level="INFO">${response} = &lt;Response [200]&gt;</msg>
<status status="PASS" starttime="20231027 11:13:27.708" endtime="20231027 11:13:28.524"/>
</kw>
<try>
<branch type="TRY">
<kw name="Log" library="BuiltIn">
<arg>${response.json()}</arg>
<doc>Logs the given message with the given level.</doc>
<msg timestamp="20231027 11:13:28.525" level="INFO">{'firstname': 'John', 'lastname': 'Smith', 'totalprice': 111, 'depositpaid': True, 'bookingdates': {'checkin': '2018-01-01', 'checkout': '2019-01-01'}, 'additionalneeds': 'Breakfast'}</msg>
<status status="PASS" starttime="20231027 11:13:28.525" endtime="20231027 11:13:28.525"/>
</kw>
<status status="PASS" starttime="20231027 11:13:28.524" endtime="20231027 11:13:28.525"/>
</branch>
<branch type="EXCEPT">
<kw name="Log" library="BuiltIn">
<arg>Cannot retrieve JSON due to invalid data</arg>
<doc>Logs the given message with the given level.</doc>
<status status="NOT RUN" starttime="20231027 11:13:28.526" endtime="20231027 11:13:28.526"/>
</kw>
<status status="NOT RUN" starttime="20231027 11:13:28.525" endtime="20231027 11:13:28.526"/>
</branch>
<status status="PASS" starttime="20231027 11:13:28.524" endtime="20231027 11:13:28.526"/>
</try>
<status status="PASS" starttime="20231027 11:13:27.708" endtime="20231027 11:13:28.526"/>
</iter>
<iter>
<var name="${booking}">{'bookingid': 423}</var>
<kw name="GET" library="RequestsLibrary">
<var>${response}</var>
<arg>https://restful-booker.herokuapp.com/booking/${booking}[bookingid]</arg>
<doc>Sends a GET request.</doc>
<msg timestamp="20231027 11:13:29.342" level="INFO">GET Request : url=https://restful-booker.herokuapp.com/booking/423 
 path_url=/booking/423 
 headers={'User-Agent': 'python-requests/2.31.0', 'Accept-Encoding': 'gzip, deflate', 'Accept': '*/*', 'Connection': 'keep-alive'} 
 body=None 
 </msg>
<msg timestamp="20231027 11:13:29.342" level="INFO">GET Response : url=https://restful-booker.herokuapp.com/booking/423 
 status=200, reason=OK 
 headers={'Server': 'Cowboy', 'Report-To': '{"group":"heroku-nel","max_age":3600,"endpoints":[{"url":"https://nel.heroku.com/reports?ts=1698394409&amp;sid=c46efe9b-d3d2-4a0c-8c76-bfafa16c5add&amp;s=BRg3eFPypviBLcOmlzQdJjQzHHbZs5WnZoYA0PEDtDQ%3D"}]}', 'Reporting-Endpoints': 'heroku-nel=https://nel.heroku.com/reports?ts=1698394409&amp;sid=c46efe9b-d3d2-4a0c-8c76-bfafa16c5add&amp;s=BRg3eFPypviBLcOmlzQdJjQzHHbZs5WnZoYA0PEDtDQ%3D', 'Nel': '{"report_to":"heroku-nel","max_age":3600,"success_fraction":0.005,"failure_fraction":0.05,"response_headers":["Via"]}', 'Connection': 'keep-alive', 'X-Powered-By': 'Express', 'Content-Type': 'application/json; charset=utf-8', 'Content-Length': '169', 'Etag': 'W/"a9-pLno4M4jARCCH8k0BsLT0ALMqUE"', 'Date': 'Fri, 27 Oct 2023 08:13:29 GMT', 'Via': '1.1 vegur'} 
 body={"firstname":"John","lastname":"Smith","totalprice":111,"depositpaid":true,"bookingdates":{"checkin":"2018-01-01","checkout":"2019-01-01"},"additionalneeds":"Breakfast"} 
 </msg>
<msg timestamp="20231027 11:13:29.344" level="INFO">${response} = &lt;Response [200]&gt;</msg>
<status status="PASS" starttime="20231027 11:13:28.526" endtime="20231027 11:13:29.344"/>
</kw>
<try>
<branch type="TRY">
<kw name="Log" library="BuiltIn">
<arg>${response.json()}</arg>
<doc>Logs the given message with the given level.</doc>
<msg timestamp="20231027 11:13:29.345" level="INFO">{'firstname': 'John', 'lastname': 'Smith', 'totalprice': 111, 'depositpaid': True, 'bookingdates': {'checkin': '2018-01-01', 'checkout': '2019-01-01'}, 'additionalneeds': 'Breakfast'}</msg>
<status status="PASS" starttime="20231027 11:13:29.344" endtime="20231027 11:13:29.345"/>
</kw>
<status status="PASS" starttime="20231027 11:13:29.344" endtime="20231027 11:13:29.345"/>
</branch>
<branch type="EXCEPT">
<kw name="Log" library="BuiltIn">
<arg>Cannot retrieve JSON due to invalid data</arg>
<doc>Logs the given message with the given level.</doc>
<status status="NOT RUN" starttime="20231027 11:13:29.345" endtime="20231027 11:13:29.345"/>
</kw>
<status status="NOT RUN" starttime="20231027 11:13:29.345" endtime="20231027 11:13:29.345"/>
</branch>
<status status="PASS" starttime="20231027 11:13:29.344" endtime="20231027 11:13:29.345"/>
</try>
<status status="PASS" starttime="20231027 11:13:28.526" endtime="20231027 11:13:29.345"/>
</iter>
<iter>
<var name="${booking}">{'bookingid': 378}</var>
<kw name="GET" library="RequestsLibrary">
<var>${response}</var>
<arg>https://restful-booker.herokuapp.com/booking/${booking}[bookingid]</arg>
<doc>Sends a GET request.</doc>
<msg timestamp="20231027 11:13:30.161" level="INFO">GET Request : url=https://restful-booker.herokuapp.com/booking/378 
 path_url=/booking/378 
 headers={'User-Agent': 'python-requests/2.31.0', 'Accept-Encoding': 'gzip, deflate', 'Accept': '*/*', 'Connection': 'keep-alive'} 
 body=None 
 </msg>
<msg timestamp="20231027 11:13:30.161" level="INFO">GET Response : url=https://restful-booker.herokuapp.com/booking/378 
 status=200, reason=OK 
 headers={'Server': 'Cowboy', 'Connection': 'keep-alive', 'X-Powered-By': 'Express', 'Content-Type': 'application/json; charset=utf-8', 'Content-Length': '169', 'Etag': 'W/"a9-pLno4M4jARCCH8k0BsLT0ALMqUE"', 'Date': 'Fri, 27 Oct 2023 08:13:30 GMT', 'Via': '1.1 vegur'} 
 body={"firstname":"John","lastname":"Smith","totalprice":111,"depositpaid":true,"bookingdates":{"checkin":"2018-01-01","checkout":"2019-01-01"},"additionalneeds":"Breakfast"} 
 </msg>
<msg timestamp="20231027 11:13:30.163" level="INFO">${response} = &lt;Response [200]&gt;</msg>
<status status="PASS" starttime="20231027 11:13:29.346" endtime="20231027 11:13:30.163"/>
</kw>
<try>
<branch type="TRY">
<kw name="Log" library="BuiltIn">
<arg>${response.json()}</arg>
<doc>Logs the given message with the given level.</doc>
<msg timestamp="20231027 11:13:30.164" level="INFO">{'firstname': 'John', 'lastname': 'Smith', 'totalprice': 111, 'depositpaid': True, 'bookingdates': {'checkin': '2018-01-01', 'checkout': '2019-01-01'}, 'additionalneeds': 'Breakfast'}</msg>
<status status="PASS" starttime="20231027 11:13:30.163" endtime="20231027 11:13:30.164"/>
</kw>
<status status="PASS" starttime="20231027 11:13:30.163" endtime="20231027 11:13:30.164"/>
</branch>
<branch type="EXCEPT">
<kw name="Log" library="BuiltIn">
<arg>Cannot retrieve JSON due to invalid data</arg>
<doc>Logs the given message with the given level.</doc>
<status status="NOT RUN" starttime="20231027 11:13:30.164" endtime="20231027 11:13:30.164"/>
</kw>
<status status="NOT RUN" starttime="20231027 11:13:30.164" endtime="20231027 11:13:30.164"/>
</branch>
<status status="PASS" starttime="20231027 11:13:30.163" endtime="20231027 11:13:30.164"/>
</try>
<status status="PASS" starttime="20231027 11:13:29.345" endtime="20231027 11:13:30.164"/>
</iter>
<iter>
<var name="${booking}">{'bookingid': 227}</var>
<kw name="GET" library="RequestsLibrary">
<var>${response}</var>
<arg>https://restful-booker.herokuapp.com/booking/${booking}[bookingid]</arg>
<doc>Sends a GET request.</doc>
<msg timestamp="20231027 11:13:30.981" level="INFO">GET Request : url=https://restful-booker.herokuapp.com/booking/227 
 path_url=/booking/227 
 headers={'User-Agent': 'python-requests/2.31.0', 'Accept-Encoding': 'gzip, deflate', 'Accept': '*/*', 'Connection': 'keep-alive'} 
 body=None 
 </msg>
<msg timestamp="20231027 11:13:30.981" level="INFO">GET Response : url=https://restful-booker.herokuapp.com/booking/227 
 status=200, reason=OK 
 headers={'Server': 'Cowboy', 'Connection': 'keep-alive', 'X-Powered-By': 'Express', 'Content-Type': 'application/json; charset=utf-8', 'Content-Length': '169', 'Etag': 'W/"a9-pLno4M4jARCCH8k0BsLT0ALMqUE"', 'Date': 'Fri, 27 Oct 2023 08:13:30 GMT', 'Via': '1.1 vegur'} 
 body={"firstname":"John","lastname":"Smith","totalprice":111,"depositpaid":true,"bookingdates":{"checkin":"2018-01-01","checkout":"2019-01-01"},"additionalneeds":"Breakfast"} 
 </msg>
<msg timestamp="20231027 11:13:30.983" level="INFO">${response} = &lt;Response [200]&gt;</msg>
<status status="PASS" starttime="20231027 11:13:30.164" endtime="20231027 11:13:30.983"/>
</kw>
<try>
<branch type="TRY">
<kw name="Log" library="BuiltIn">
<arg>${response.json()}</arg>
<doc>Logs the given message with the given level.</doc>
<msg timestamp="20231027 11:13:30.984" level="INFO">{'firstname': 'John', 'lastname': 'Smith', 'totalprice': 111, 'depositpaid': True, 'bookingdates': {'checkin': '2018-01-01', 'checkout': '2019-01-01'}, 'additionalneeds': 'Breakfast'}</msg>
<status status="PASS" starttime="20231027 11:13:30.983" endtime="20231027 11:13:30.984"/>
</kw>
<status status="PASS" starttime="20231027 11:13:30.983" endtime="20231027 11:13:30.984"/>
</branch>
<branch type="EXCEPT">
<kw name="Log" library="BuiltIn">
<arg>Cannot retrieve JSON due to invalid data</arg>
<doc>Logs the given message with the given level.</doc>
<status status="NOT RUN" starttime="20231027 11:13:30.984" endtime="20231027 11:13:30.984"/>
</kw>
<status status="NOT RUN" starttime="20231027 11:13:30.984" endtime="20231027 11:13:30.984"/>
</branch>
<status status="PASS" starttime="20231027 11:13:30.983" endtime="20231027 11:13:30.984"/>
</try>
<status status="PASS" starttime="20231027 11:13:30.164" endtime="20231027 11:13:30.984"/>
</iter>
<iter>
<var name="${booking}">{'bookingid': 398}</var>
<kw name="GET" library="RequestsLibrary">
<var>${response}</var>
<arg>https://restful-booker.herokuapp.com/booking/${booking}[bookingid]</arg>
<doc>Sends a GET request.</doc>
<msg timestamp="20231027 11:13:31.804" level="INFO">GET Request : url=https://restful-booker.herokuapp.com/booking/398 
 path_url=/booking/398 
 headers={'User-Agent': 'python-requests/2.31.0', 'Accept-Encoding': 'gzip, deflate', 'Accept': '*/*', 'Connection': 'keep-alive'} 
 body=None 
 </msg>
<msg timestamp="20231027 11:13:31.804" level="INFO">GET Response : url=https://restful-booker.herokuapp.com/booking/398 
 status=200, reason=OK 
 headers={'Server': 'Cowboy', 'Report-To': '{"group":"heroku-nel","max_age":3600,"endpoints":[{"url":"https://nel.heroku.com/reports?ts=1698394411&amp;sid=c46efe9b-d3d2-4a0c-8c76-bfafa16c5add&amp;s=qiVxhSwdwqI75Phv8FrNyqytBq2x%2FJJwXpX92HcE84o%3D"}]}', 'Reporting-Endpoints': 'heroku-nel=https://nel.heroku.com/reports?ts=1698394411&amp;sid=c46efe9b-d3d2-4a0c-8c76-bfafa16c5add&amp;s=qiVxhSwdwqI75Phv8FrNyqytBq2x%2FJJwXpX92HcE84o%3D', 'Nel': '{"report_to":"heroku-nel","max_age":3600,"success_fraction":0.005,"failure_fraction":0.05,"response_headers":["Via"]}', 'Connection': 'keep-alive', 'X-Powered-By': 'Express', 'Content-Type': 'application/json; charset=utf-8', 'Content-Length': '169', 'Etag': 'W/"a9-pLno4M4jARCCH8k0BsLT0ALMqUE"', 'Date': 'Fri, 27 Oct 2023 08:13:31 GMT', 'Via': '1.1 vegur'} 
 body={"firstname":"John","lastname":"Smith","totalprice":111,"depositpaid":true,"bookingdates":{"checkin":"2018-01-01","checkout":"2019-01-01"},"additionalneeds":"Breakfast"} 
 </msg>
<msg timestamp="20231027 11:13:31.806" level="INFO">${response} = &lt;Response [200]&gt;</msg>
<status status="PASS" starttime="20231027 11:13:30.984" endtime="20231027 11:13:31.806"/>
</kw>
<try>
<branch type="TRY">
<kw name="Log" library="BuiltIn">
<arg>${response.json()}</arg>
<doc>Logs the given message with the given level.</doc>
<msg timestamp="20231027 11:13:31.807" level="INFO">{'firstname': 'John', 'lastname': 'Smith', 'totalprice': 111, 'depositpaid': True, 'bookingdates': {'checkin': '2018-01-01', 'checkout': '2019-01-01'}, 'additionalneeds': 'Breakfast'}</msg>
<status status="PASS" starttime="20231027 11:13:31.806" endtime="20231027 11:13:31.807"/>
</kw>
<status status="PASS" starttime="20231027 11:13:31.806" endtime="20231027 11:13:31.807"/>
</branch>
<branch type="EXCEPT">
<kw name="Log" library="BuiltIn">
<arg>Cannot retrieve JSON due to invalid data</arg>
<doc>Logs the given message with the given level.</doc>
<status status="NOT RUN" starttime="20231027 11:13:31.807" endtime="20231027 11:13:31.807"/>
</kw>
<status status="NOT RUN" starttime="20231027 11:13:31.807" endtime="20231027 11:13:31.807"/>
</branch>
<status status="PASS" starttime="20231027 11:13:31.806" endtime="20231027 11:13:31.807"/>
</try>
<status status="PASS" starttime="20231027 11:13:30.984" endtime="20231027 11:13:31.807"/>
</iter>
<iter>
<var name="${booking}">{'bookingid': 456}</var>
<kw name="GET" library="RequestsLibrary">
<var>${response}</var>
<arg>https://restful-booker.herokuapp.com/booking/${booking}[bookingid]</arg>
<doc>Sends a GET request.</doc>
<msg timestamp="20231027 11:13:32.619" level="INFO">GET Request : url=https://restful-booker.herokuapp.com/booking/456 
 path_url=/booking/456 
 headers={'User-Agent': 'python-requests/2.31.0', 'Accept-Encoding': 'gzip, deflate', 'Accept': '*/*', 'Connection': 'keep-alive'} 
 body=None 
 </msg>
<msg timestamp="20231027 11:13:32.619" level="INFO">GET Response : url=https://restful-booker.herokuapp.com/booking/456 
 status=200, reason=OK 
 headers={'Server': 'Cowboy', 'Report-To': '{"group":"heroku-nel","max_age":3600,"endpoints":[{"url":"https://nel.heroku.com/reports?ts=1698394412&amp;sid=c46efe9b-d3d2-4a0c-8c76-bfafa16c5add&amp;s=rAWcOuVNSMCPKpVASJdcaDb9mQgy5wYUcIngulJO75w%3D"}]}', 'Reporting-Endpoints': 'heroku-nel=https://nel.heroku.com/reports?ts=1698394412&amp;sid=c46efe9b-d3d2-4a0c-8c76-bfafa16c5add&amp;s=rAWcOuVNSMCPKpVASJdcaDb9mQgy5wYUcIngulJO75w%3D', 'Nel': '{"report_to":"heroku-nel","max_age":3600,"success_fraction":0.005,"failure_fraction":0.05,"response_headers":["Via"]}', 'Connection': 'keep-alive', 'X-Powered-By': 'Express', 'Content-Type': 'application/json; charset=utf-8', 'Content-Length': '169', 'Etag': 'W/"a9-pLno4M4jARCCH8k0BsLT0ALMqUE"', 'Date': 'Fri, 27 Oct 2023 08:13:32 GMT', 'Via': '1.1 vegur'} 
 body={"firstname":"John","lastname":"Smith","totalprice":111,"depositpaid":true,"bookingdates":{"checkin":"2018-01-01","checkout":"2019-01-01"},"additionalneeds":"Breakfast"} 
 </msg>
<msg timestamp="20231027 11:13:32.620" level="INFO">${response} = &lt;Response [200]&gt;</msg>
<status status="PASS" starttime="20231027 11:13:31.807" endtime="20231027 11:13:32.620"/>
</kw>
<try>
<branch type="TRY">
<kw name="Log" library="BuiltIn">
<arg>${response.json()}</arg>
<doc>Logs the given message with the given level.</doc>
<msg timestamp="20231027 11:13:32.621" level="INFO">{'firstname': 'John', 'lastname': 'Smith', 'totalprice': 111, 'depositpaid': True, 'bookingdates': {'checkin': '2018-01-01', 'checkout': '2019-01-01'}, 'additionalneeds': 'Breakfast'}</msg>
<status status="PASS" starttime="20231027 11:13:32.621" endtime="20231027 11:13:32.621"/>
</kw>
<status status="PASS" starttime="20231027 11:13:32.620" endtime="20231027 11:13:32.621"/>
</branch>
<branch type="EXCEPT">
<kw name="Log" library="BuiltIn">
<arg>Cannot retrieve JSON due to invalid data</arg>
<doc>Logs the given message with the given level.</doc>
<status status="NOT RUN" starttime="20231027 11:13:32.622" endtime="20231027 11:13:32.622"/>
</kw>
<status status="NOT RUN" starttime="20231027 11:13:32.621" endtime="20231027 11:13:32.622"/>
</branch>
<status status="PASS" starttime="20231027 11:13:32.620" endtime="20231027 11:13:32.622"/>
</try>
<status status="PASS" starttime="20231027 11:13:31.807" endtime="20231027 11:13:32.622"/>
</iter>
<iter>
<var name="${booking}">{'bookingid': 278}</var>
<kw name="GET" library="RequestsLibrary">
<var>${response}</var>
<arg>https://restful-booker.herokuapp.com/booking/${booking}[bookingid]</arg>
<doc>Sends a GET request.</doc>
<msg timestamp="20231027 11:13:33.439" level="INFO">GET Request : url=https://restful-booker.herokuapp.com/booking/278 
 path_url=/booking/278 
 headers={'User-Agent': 'python-requests/2.31.0', 'Accept-Encoding': 'gzip, deflate', 'Accept': '*/*', 'Connection': 'keep-alive'} 
 body=None 
 </msg>
<msg timestamp="20231027 11:13:33.439" level="INFO">GET Response : url=https://restful-booker.herokuapp.com/booking/278 
 status=200, reason=OK 
 headers={'Server': 'Cowboy', 'Report-To': '{"group":"heroku-nel","max_age":3600,"endpoints":[{"url":"https://nel.heroku.com/reports?ts=1698394413&amp;sid=c46efe9b-d3d2-4a0c-8c76-bfafa16c5add&amp;s=cr3Blr3umQIk4XIg3TY2BFzK5tIvMz8N0mKYvA%2Fklts%3D"}]}', 'Reporting-Endpoints': 'heroku-nel=https://nel.heroku.com/reports?ts=1698394413&amp;sid=c46efe9b-d3d2-4a0c-8c76-bfafa16c5add&amp;s=cr3Blr3umQIk4XIg3TY2BFzK5tIvMz8N0mKYvA%2Fklts%3D', 'Nel': '{"report_to":"heroku-nel","max_age":3600,"success_fraction":0.005,"failure_fraction":0.05,"response_headers":["Via"]}', 'Connection': 'keep-alive', 'X-Powered-By': 'Express', 'Content-Type': 'application/json; charset=utf-8', 'Content-Length': '169', 'Etag': 'W/"a9-pLno4M4jARCCH8k0BsLT0ALMqUE"', 'Date': 'Fri, 27 Oct 2023 08:13:33 GMT', 'Via': '1.1 vegur'} 
 body={"firstname":"John","lastname":"Smith","totalprice":111,"depositpaid":true,"bookingdates":{"checkin":"2018-01-01","checkout":"2019-01-01"},"additionalneeds":"Breakfast"} 
 </msg>
<msg timestamp="20231027 11:13:33.440" level="INFO">${response} = &lt;Response [200]&gt;</msg>
<status status="PASS" starttime="20231027 11:13:32.622" endtime="20231027 11:13:33.441"/>
</kw>
<try>
<branch type="TRY">
<kw name="Log" library="BuiltIn">
<arg>${response.json()}</arg>
<doc>Logs the given message with the given level.</doc>
<msg timestamp="20231027 11:13:33.441" level="INFO">{'firstname': 'John', 'lastname': 'Smith', 'totalprice': 111, 'depositpaid': True, 'bookingdates': {'checkin': '2018-01-01', 'checkout': '2019-01-01'}, 'additionalneeds': 'Breakfast'}</msg>
<status status="PASS" starttime="20231027 11:13:33.441" endtime="20231027 11:13:33.442"/>
</kw>
<status status="PASS" starttime="20231027 11:13:33.441" endtime="20231027 11:13:33.442"/>
</branch>
<branch type="EXCEPT">
<kw name="Log" library="BuiltIn">
<arg>Cannot retrieve JSON due to invalid data</arg>
<doc>Logs the given message with the given level.</doc>
<status status="NOT RUN" starttime="20231027 11:13:33.442" endtime="20231027 11:13:33.442"/>
</kw>
<status status="NOT RUN" starttime="20231027 11:13:33.442" endtime="20231027 11:13:33.442"/>
</branch>
<status status="PASS" starttime="20231027 11:13:33.441" endtime="20231027 11:13:33.442"/>
</try>
<status status="PASS" starttime="20231027 11:13:32.622" endtime="20231027 11:13:33.442"/>
</iter>
<iter>
<var name="${booking}">{'bookingid': 489}</var>
<kw name="GET" library="RequestsLibrary">
<var>${response}</var>
<arg>https://restful-booker.herokuapp.com/booking/${booking}[bookingid]</arg>
<doc>Sends a GET request.</doc>
<msg timestamp="20231027 11:13:34.155" level="INFO">GET Request : url=https://restful-booker.herokuapp.com/booking/489 
 path_url=/booking/489 
 headers={'User-Agent': 'python-requests/2.31.0', 'Accept-Encoding': 'gzip, deflate', 'Accept': '*/*', 'Connection': 'keep-alive'} 
 body=None 
 </msg>
<msg timestamp="20231027 11:13:34.155" level="INFO">GET Response : url=https://restful-booker.herokuapp.com/booking/489 
 status=200, reason=OK 
 headers={'Server': 'Cowboy', 'Report-To': '{"group":"heroku-nel","max_age":3600,"endpoints":[{"url":"https://nel.heroku.com/reports?ts=1698394414&amp;sid=c46efe9b-d3d2-4a0c-8c76-bfafa16c5add&amp;s=106EF8RIncB%2FkhfT%2FJA8n2S6woplE93IzD09p%2Fia2gw%3D"}]}', 'Reporting-Endpoints': 'heroku-nel=https://nel.heroku.com/reports?ts=1698394414&amp;sid=c46efe9b-d3d2-4a0c-8c76-bfafa16c5add&amp;s=106EF8RIncB%2FkhfT%2FJA8n2S6woplE93IzD09p%2Fia2gw%3D', 'Nel': '{"report_to":"heroku-nel","max_age":3600,"success_fraction":0.005,"failure_fraction":0.05,"response_headers":["Via"]}', 'Connection': 'keep-alive', 'X-Powered-By': 'Express', 'Content-Type': 'application/json; charset=utf-8', 'Content-Length': '169', 'Etag': 'W/"a9-pLno4M4jARCCH8k0BsLT0ALMqUE"', 'Date': 'Fri, 27 Oct 2023 08:13:34 GMT', 'Via': '1.1 vegur'} 
 body={"firstname":"John","lastname":"Smith","totalprice":111,"depositpaid":true,"bookingdates":{"checkin":"2018-01-01","checkout":"2019-01-01"},"additionalneeds":"Breakfast"} 
 </msg>
<msg timestamp="20231027 11:13:34.156" level="INFO">${response} = &lt;Response [200]&gt;</msg>
<status status="PASS" starttime="20231027 11:13:33.442" endtime="20231027 11:13:34.157"/>
</kw>
<try>
<branch type="TRY">
<kw name="Log" library="BuiltIn">
<arg>${response.json()}</arg>
<doc>Logs the given message with the given level.</doc>
<msg timestamp="20231027 11:13:34.157" level="INFO">{'firstname': 'John', 'lastname': 'Smith', 'totalprice': 111, 'depositpaid': True, 'bookingdates': {'checkin': '2018-01-01', 'checkout': '2019-01-01'}, 'additionalneeds': 'Breakfast'}</msg>
<status status="PASS" starttime="20231027 11:13:34.157" endtime="20231027 11:13:34.158"/>
</kw>
<status status="PASS" starttime="20231027 11:13:34.157" endtime="20231027 11:13:34.158"/>
</branch>
<branch type="EXCEPT">
<kw name="Log" library="BuiltIn">
<arg>Cannot retrieve JSON due to invalid data</arg>
<doc>Logs the given message with the given level.</doc>
<status status="NOT RUN" starttime="20231027 11:13:34.158" endtime="20231027 11:13:34.158"/>
</kw>
<status status="NOT RUN" starttime="20231027 11:13:34.158" endtime="20231027 11:13:34.158"/>
</branch>
<status status="PASS" starttime="20231027 11:13:34.157" endtime="20231027 11:13:34.158"/>
</try>
<status status="PASS" starttime="20231027 11:13:33.442" endtime="20231027 11:13:34.158"/>
</iter>
<iter>
<var name="${booking}">{'bookingid': 332}</var>
<kw name="GET" library="RequestsLibrary">
<var>${response}</var>
<arg>https://restful-booker.herokuapp.com/booking/${booking}[bookingid]</arg>
<doc>Sends a GET request.</doc>
<msg timestamp="20231027 11:13:34.872" level="INFO">GET Request : url=https://restful-booker.herokuapp.com/booking/332 
 path_url=/booking/332 
 headers={'User-Agent': 'python-requests/2.31.0', 'Accept-Encoding': 'gzip, deflate', 'Accept': '*/*', 'Connection': 'keep-alive'} 
 body=None 
 </msg>
<msg timestamp="20231027 11:13:34.872" level="INFO">GET Response : url=https://restful-booker.herokuapp.com/booking/332 
 status=200, reason=OK 
 headers={'Server': 'Cowboy', 'Connection': 'keep-alive', 'X-Powered-By': 'Express', 'Content-Type': 'application/json; charset=utf-8', 'Content-Length': '169', 'Etag': 'W/"a9-pLno4M4jARCCH8k0BsLT0ALMqUE"', 'Date': 'Fri, 27 Oct 2023 08:13:34 GMT', 'Via': '1.1 vegur'} 
 body={"firstname":"John","lastname":"Smith","totalprice":111,"depositpaid":true,"bookingdates":{"checkin":"2018-01-01","checkout":"2019-01-01"},"additionalneeds":"Breakfast"} 
 </msg>
<msg timestamp="20231027 11:13:34.874" level="INFO">${response} = &lt;Response [200]&gt;</msg>
<status status="PASS" starttime="20231027 11:13:34.158" endtime="20231027 11:13:34.874"/>
</kw>
<try>
<branch type="TRY">
<kw name="Log" library="BuiltIn">
<arg>${response.json()}</arg>
<doc>Logs the given message with the given level.</doc>
<msg timestamp="20231027 11:13:34.875" level="INFO">{'firstname': 'John', 'lastname': 'Smith', 'totalprice': 111, 'depositpaid': True, 'bookingdates': {'checkin': '2018-01-01', 'checkout': '2019-01-01'}, 'additionalneeds': 'Breakfast'}</msg>
<status status="PASS" starttime="20231027 11:13:34.874" endtime="20231027 11:13:34.875"/>
</kw>
<status status="PASS" starttime="20231027 11:13:34.874" endtime="20231027 11:13:34.875"/>
</branch>
<branch type="EXCEPT">
<kw name="Log" library="BuiltIn">
<arg>Cannot retrieve JSON due to invalid data</arg>
<doc>Logs the given message with the given level.</doc>
<status status="NOT RUN" starttime="20231027 11:13:34.875" endtime="20231027 11:13:34.875"/>
</kw>
<status status="NOT RUN" starttime="20231027 11:13:34.875" endtime="20231027 11:13:34.875"/>
</branch>
<status status="PASS" starttime="20231027 11:13:34.874" endtime="20231027 11:13:34.875"/>
</try>
<status status="PASS" starttime="20231027 11:13:34.158" endtime="20231027 11:13:34.876"/>
</iter>
<iter>
<var name="${booking}">{'bookingid': 58}</var>
<kw name="GET" library="RequestsLibrary">
<var>${response}</var>
<arg>https://restful-booker.herokuapp.com/booking/${booking}[bookingid]</arg>
<doc>Sends a GET request.</doc>
<msg timestamp="20231027 11:13:35.690" level="INFO">GET Request : url=https://restful-booker.herokuapp.com/booking/58 
 path_url=/booking/58 
 headers={'User-Agent': 'python-requests/2.31.0', 'Accept-Encoding': 'gzip, deflate', 'Accept': '*/*', 'Connection': 'keep-alive'} 
 body=None 
 </msg>
<msg timestamp="20231027 11:13:35.691" level="INFO">GET Response : url=https://restful-booker.herokuapp.com/booking/58 
 status=200, reason=OK 
 headers={'Server': 'Cowboy', 'Connection': 'keep-alive', 'X-Powered-By': 'Express', 'Content-Type': 'application/json; charset=utf-8', 'Content-Length': '169', 'Etag': 'W/"a9-pLno4M4jARCCH8k0BsLT0ALMqUE"', 'Date': 'Fri, 27 Oct 2023 08:13:35 GMT', 'Via': '1.1 vegur'} 
 body={"firstname":"John","lastname":"Smith","totalprice":111,"depositpaid":true,"bookingdates":{"checkin":"2018-01-01","checkout":"2019-01-01"},"additionalneeds":"Breakfast"} 
 </msg>
<msg timestamp="20231027 11:13:35.692" level="INFO">${response} = &lt;Response [200]&gt;</msg>
<status status="PASS" starttime="20231027 11:13:34.876" endtime="20231027 11:13:35.692"/>
</kw>
<try>
<branch type="TRY">
<kw name="Log" library="BuiltIn">
<arg>${response.json()}</arg>
<doc>Logs the given message with the given level.</doc>
<msg timestamp="20231027 11:13:35.693" level="INFO">{'firstname': 'John', 'lastname': 'Smith', 'totalprice': 111, 'depositpaid': True, 'bookingdates': {'checkin': '2018-01-01', 'checkout': '2019-01-01'}, 'additionalneeds': 'Breakfast'}</msg>
<status status="PASS" starttime="20231027 11:13:35.692" endtime="20231027 11:13:35.693"/>
</kw>
<status status="PASS" starttime="20231027 11:13:35.692" endtime="20231027 11:13:35.693"/>
</branch>
<branch type="EXCEPT">
<kw name="Log" library="BuiltIn">
<arg>Cannot retrieve JSON due to invalid data</arg>
<doc>Logs the given message with the given level.</doc>
<status status="NOT RUN" starttime="20231027 11:13:35.693" endtime="20231027 11:13:35.693"/>
</kw>
<status status="NOT RUN" starttime="20231027 11:13:35.693" endtime="20231027 11:13:35.693"/>
</branch>
<status status="PASS" starttime="20231027 11:13:35.692" endtime="20231027 11:13:35.693"/>
</try>
<status status="PASS" starttime="20231027 11:13:34.876" endtime="20231027 11:13:35.693"/>
</iter>
<iter>
<var name="${booking}">{'bookingid': 18}</var>
<kw name="GET" library="RequestsLibrary">
<var>${response}</var>
<arg>https://restful-booker.herokuapp.com/booking/${booking}[bookingid]</arg>
<doc>Sends a GET request.</doc>
<msg timestamp="20231027 11:13:36.510" level="INFO">GET Request : url=https://restful-booker.herokuapp.com/booking/18 
 path_url=/booking/18 
 headers={'User-Agent': 'python-requests/2.31.0', 'Accept-Encoding': 'gzip, deflate', 'Accept': '*/*', 'Connection': 'keep-alive'} 
 body=None 
 </msg>
<msg timestamp="20231027 11:13:36.510" level="INFO">GET Response : url=https://restful-booker.herokuapp.com/booking/18 
 status=200, reason=OK 
 headers={'Server': 'Cowboy', 'Report-To': '{"group":"heroku-nel","max_age":3600,"endpoints":[{"url":"https://nel.heroku.com/reports?ts=1698394416&amp;sid=c46efe9b-d3d2-4a0c-8c76-bfafa16c5add&amp;s=Yz6%2FBLvzH7CBixaL38dAOs7y6yusTOLFuBhxbRWxoac%3D"}]}', 'Reporting-Endpoints': 'heroku-nel=https://nel.heroku.com/reports?ts=1698394416&amp;sid=c46efe9b-d3d2-4a0c-8c76-bfafa16c5add&amp;s=Yz6%2FBLvzH7CBixaL38dAOs7y6yusTOLFuBhxbRWxoac%3D', 'Nel': '{"report_to":"heroku-nel","max_age":3600,"success_fraction":0.005,"failure_fraction":0.05,"response_headers":["Via"]}', 'Connection': 'keep-alive', 'X-Powered-By': 'Express', 'Content-Type': 'application/json; charset=utf-8', 'Content-Length': '169', 'Etag': 'W/"a9-pLno4M4jARCCH8k0BsLT0ALMqUE"', 'Date': 'Fri, 27 Oct 2023 08:13:36 GMT', 'Via': '1.1 vegur'} 
 body={"firstname":"John","lastname":"Smith","totalprice":111,"depositpaid":true,"bookingdates":{"checkin":"2018-01-01","checkout":"2019-01-01"},"additionalneeds":"Breakfast"} 
 </msg>
<msg timestamp="20231027 11:13:36.511" level="INFO">${response} = &lt;Response [200]&gt;</msg>
<status status="PASS" starttime="20231027 11:13:35.693" endtime="20231027 11:13:36.511"/>
</kw>
<try>
<branch type="TRY">
<kw name="Log" library="BuiltIn">
<arg>${response.json()}</arg>
<doc>Logs the given message with the given level.</doc>
<msg timestamp="20231027 11:13:36.512" level="INFO">{'firstname': 'John', 'lastname': 'Smith', 'totalprice': 111, 'depositpaid': True, 'bookingdates': {'checkin': '2018-01-01', 'checkout': '2019-01-01'}, 'additionalneeds': 'Breakfast'}</msg>
<status status="PASS" starttime="20231027 11:13:36.511" endtime="20231027 11:13:36.512"/>
</kw>
<status status="PASS" starttime="20231027 11:13:36.511" endtime="20231027 11:13:36.512"/>
</branch>
<branch type="EXCEPT">
<kw name="Log" library="BuiltIn">
<arg>Cannot retrieve JSON due to invalid data</arg>
<doc>Logs the given message with the given level.</doc>
<status status="NOT RUN" starttime="20231027 11:13:36.512" endtime="20231027 11:13:36.512"/>
</kw>
<status status="NOT RUN" starttime="20231027 11:13:36.512" endtime="20231027 11:13:36.512"/>
</branch>
<status status="PASS" starttime="20231027 11:13:36.511" endtime="20231027 11:13:36.512"/>
</try>
<status status="PASS" starttime="20231027 11:13:35.693" endtime="20231027 11:13:36.512"/>
</iter>
<iter>
<var name="${booking}">{'bookingid': 387}</var>
<kw name="GET" library="RequestsLibrary">
<var>${response}</var>
<arg>https://restful-booker.herokuapp.com/booking/${booking}[bookingid]</arg>
<doc>Sends a GET request.</doc>
<msg timestamp="20231027 11:13:37.329" level="INFO">GET Request : url=https://restful-booker.herokuapp.com/booking/387 
 path_url=/booking/387 
 headers={'User-Agent': 'python-requests/2.31.0', 'Accept-Encoding': 'gzip, deflate', 'Accept': '*/*', 'Connection': 'keep-alive'} 
 body=None 
 </msg>
<msg timestamp="20231027 11:13:37.329" level="INFO">GET Response : url=https://restful-booker.herokuapp.com/booking/387 
 status=200, reason=OK 
 headers={'Server': 'Cowboy', 'Report-To': '{"group":"heroku-nel","max_age":3600,"endpoints":[{"url":"https://nel.heroku.com/reports?ts=1698394417&amp;sid=c46efe9b-d3d2-4a0c-8c76-bfafa16c5add&amp;s=X48oBEPqMjUo0rqJF%2BomgwBMpGFfzeyfCkvBYAFppIY%3D"}]}', 'Reporting-Endpoints': 'heroku-nel=https://nel.heroku.com/reports?ts=1698394417&amp;sid=c46efe9b-d3d2-4a0c-8c76-bfafa16c5add&amp;s=X48oBEPqMjUo0rqJF%2BomgwBMpGFfzeyfCkvBYAFppIY%3D', 'Nel': '{"report_to":"heroku-nel","max_age":3600,"success_fraction":0.005,"failure_fraction":0.05,"response_headers":["Via"]}', 'Connection': 'keep-alive', 'X-Powered-By': 'Express', 'Content-Type': 'application/json; charset=utf-8', 'Content-Length': '169', 'Etag': 'W/"a9-pLno4M4jARCCH8k0BsLT0ALMqUE"', 'Date': 'Fri, 27 Oct 2023 08:13:37 GMT', 'Via': '1.1 vegur'} 
 body={"firstname":"John","lastname":"Smith","totalprice":111,"depositpaid":true,"bookingdates":{"checkin":"2018-01-01","checkout":"2019-01-01"},"additionalneeds":"Breakfast"} 
 </msg>
<msg timestamp="20231027 11:13:37.331" level="INFO">${response} = &lt;Response [200]&gt;</msg>
<status status="PASS" starttime="20231027 11:13:36.513" endtime="20231027 11:13:37.331"/>
</kw>
<try>
<branch type="TRY">
<kw name="Log" library="BuiltIn">
<arg>${response.json()}</arg>
<doc>Logs the given message with the given level.</doc>
<msg timestamp="20231027 11:13:37.332" level="INFO">{'firstname': 'John', 'lastname': 'Smith', 'totalprice': 111, 'depositpaid': True, 'bookingdates': {'checkin': '2018-01-01', 'checkout': '2019-01-01'}, 'additionalneeds': 'Breakfast'}</msg>
<status status="PASS" starttime="20231027 11:13:37.331" endtime="20231027 11:13:37.332"/>
</kw>
<status status="PASS" starttime="20231027 11:13:37.331" endtime="20231027 11:13:37.332"/>
</branch>
<branch type="EXCEPT">
<kw name="Log" library="BuiltIn">
<arg>Cannot retrieve JSON due to invalid data</arg>
<doc>Logs the given message with the given level.</doc>
<status status="NOT RUN" starttime="20231027 11:13:37.332" endtime="20231027 11:13:37.332"/>
</kw>
<status status="NOT RUN" starttime="20231027 11:13:37.332" endtime="20231027 11:13:37.332"/>
</branch>
<status status="PASS" starttime="20231027 11:13:37.331" endtime="20231027 11:13:37.332"/>
</try>
<status status="PASS" starttime="20231027 11:13:36.512" endtime="20231027 11:13:37.332"/>
</iter>
<iter>
<var name="${booking}">{'bookingid': 376}</var>
<kw name="GET" library="RequestsLibrary">
<var>${response}</var>
<arg>https://restful-booker.herokuapp.com/booking/${booking}[bookingid]</arg>
<doc>Sends a GET request.</doc>
<msg timestamp="20231027 11:13:38.114" level="INFO">GET Request : url=https://restful-booker.herokuapp.com/booking/376 
 path_url=/booking/376 
 headers={'User-Agent': 'python-requests/2.31.0', 'Accept-Encoding': 'gzip, deflate', 'Accept': '*/*', 'Connection': 'keep-alive'} 
 body=None 
 </msg>
<msg timestamp="20231027 11:13:38.114" level="INFO">GET Response : url=https://restful-booker.herokuapp.com/booking/376 
 status=200, reason=OK 
 headers={'Server': 'Cowboy', 'Connection': 'keep-alive', 'X-Powered-By': 'Express', 'Content-Type': 'application/json; charset=utf-8', 'Content-Length': '169', 'Etag': 'W/"a9-pLno4M4jARCCH8k0BsLT0ALMqUE"', 'Date': 'Fri, 27 Oct 2023 08:13:38 GMT', 'Via': '1.1 vegur'} 
 body={"firstname":"John","lastname":"Smith","totalprice":111,"depositpaid":true,"bookingdates":{"checkin":"2018-01-01","checkout":"2019-01-01"},"additionalneeds":"Breakfast"} 
 </msg>
<msg timestamp="20231027 11:13:38.115" level="INFO">${response} = &lt;Response [200]&gt;</msg>
<status status="PASS" starttime="20231027 11:13:37.333" endtime="20231027 11:13:38.115"/>
</kw>
<try>
<branch type="TRY">
<kw name="Log" library="BuiltIn">
<arg>${response.json()}</arg>
<doc>Logs the given message with the given level.</doc>
<msg timestamp="20231027 11:13:38.116" level="INFO">{'firstname': 'John', 'lastname': 'Smith', 'totalprice': 111, 'depositpaid': True, 'bookingdates': {'checkin': '2018-01-01', 'checkout': '2019-01-01'}, 'additionalneeds': 'Breakfast'}</msg>
<status status="PASS" starttime="20231027 11:13:38.116" endtime="20231027 11:13:38.117"/>
</kw>
<status status="PASS" starttime="20231027 11:13:38.116" endtime="20231027 11:13:38.117"/>
</branch>
<branch type="EXCEPT">
<kw name="Log" library="BuiltIn">
<arg>Cannot retrieve JSON due to invalid data</arg>
<doc>Logs the given message with the given level.</doc>
<status status="NOT RUN" starttime="20231027 11:13:38.117" endtime="20231027 11:13:38.117"/>
</kw>
<status status="NOT RUN" starttime="20231027 11:13:38.117" endtime="20231027 11:13:38.117"/>
</branch>
<status status="PASS" starttime="20231027 11:13:38.116" endtime="20231027 11:13:38.117"/>
</try>
<status status="PASS" starttime="20231027 11:13:37.332" endtime="20231027 11:13:38.117"/>
</iter>
<iter>
<var name="${booking}">{'bookingid': 507}</var>
<kw name="GET" library="RequestsLibrary">
<var>${response}</var>
<arg>https://restful-booker.herokuapp.com/booking/${booking}[bookingid]</arg>
<doc>Sends a GET request.</doc>
<msg timestamp="20231027 11:13:38.866" level="INFO">GET Request : url=https://restful-booker.herokuapp.com/booking/507 
 path_url=/booking/507 
 headers={'User-Agent': 'python-requests/2.31.0', 'Accept-Encoding': 'gzip, deflate', 'Accept': '*/*', 'Connection': 'keep-alive'} 
 body=None 
 </msg>
<msg timestamp="20231027 11:13:38.866" level="INFO">GET Response : url=https://restful-booker.herokuapp.com/booking/507 
 status=200, reason=OK 
 headers={'Server': 'Cowboy', 'Report-To': '{"group":"heroku-nel","max_age":3600,"endpoints":[{"url":"https://nel.heroku.com/reports?ts=1698394418&amp;sid=c46efe9b-d3d2-4a0c-8c76-bfafa16c5add&amp;s=uUjpw%2Fr81lpPCVTA6Y93k6V%2BvkIaH0JSRef1DJ58CgU%3D"}]}', 'Reporting-Endpoints': 'heroku-nel=https://nel.heroku.com/reports?ts=1698394418&amp;sid=c46efe9b-d3d2-4a0c-8c76-bfafa16c5add&amp;s=uUjpw%2Fr81lpPCVTA6Y93k6V%2BvkIaH0JSRef1DJ58CgU%3D', 'Nel': '{"report_to":"heroku-nel","max_age":3600,"success_fraction":0.005,"failure_fraction":0.05,"response_headers":["Via"]}', 'Connection': 'keep-alive', 'X-Powered-By': 'Express', 'Content-Type': 'application/json; charset=utf-8', 'Content-Length': '169', 'Etag': 'W/"a9-pLno4M4jARCCH8k0BsLT0ALMqUE"', 'Date': 'Fri, 27 Oct 2023 08:13:38 GMT', 'Via': '1.1 vegur'} 
 body={"firstname":"John","lastname":"Smith","totalprice":111,"depositpaid":true,"bookingdates":{"checkin":"2018-01-01","checkout":"2019-01-01"},"additionalneeds":"Breakfast"} 
 </msg>
<msg timestamp="20231027 11:13:38.867" level="INFO">${response} = &lt;Response [200]&gt;</msg>
<status status="PASS" starttime="20231027 11:13:38.117" endtime="20231027 11:13:38.867"/>
</kw>
<try>
<branch type="TRY">
<kw name="Log" library="BuiltIn">
<arg>${response.json()}</arg>
<doc>Logs the given message with the given level.</doc>
<msg timestamp="20231027 11:13:38.868" level="INFO">{'firstname': 'John', 'lastname': 'Smith', 'totalprice': 111, 'depositpaid': True, 'bookingdates': {'checkin': '2018-01-01', 'checkout': '2019-01-01'}, 'additionalneeds': 'Breakfast'}</msg>
<status status="PASS" starttime="20231027 11:13:38.868" endtime="20231027 11:13:38.868"/>
</kw>
<status status="PASS" starttime="20231027 11:13:38.867" endtime="20231027 11:13:38.868"/>
</branch>
<branch type="EXCEPT">
<kw name="Log" library="BuiltIn">
<arg>Cannot retrieve JSON due to invalid data</arg>
<doc>Logs the given message with the given level.</doc>
<status status="NOT RUN" starttime="20231027 11:13:38.868" endtime="20231027 11:13:38.869"/>
</kw>
<status status="NOT RUN" starttime="20231027 11:13:38.868" endtime="20231027 11:13:38.869"/>
</branch>
<status status="PASS" starttime="20231027 11:13:38.867" endtime="20231027 11:13:38.869"/>
</try>
<status status="PASS" starttime="20231027 11:13:38.117" endtime="20231027 11:13:38.869"/>
</iter>
<iter>
<var name="${booking}">{'bookingid': 279}</var>
<kw name="GET" library="RequestsLibrary">
<var>${response}</var>
<arg>https://restful-booker.herokuapp.com/booking/${booking}[bookingid]</arg>
<doc>Sends a GET request.</doc>
<msg timestamp="20231027 11:13:39.685" level="INFO">GET Request : url=https://restful-booker.herokuapp.com/booking/279 
 path_url=/booking/279 
 headers={'User-Agent': 'python-requests/2.31.0', 'Accept-Encoding': 'gzip, deflate', 'Accept': '*/*', 'Connection': 'keep-alive'} 
 body=None 
 </msg>
<msg timestamp="20231027 11:13:39.685" level="INFO">GET Response : url=https://restful-booker.herokuapp.com/booking/279 
 status=200, reason=OK 
 headers={'Server': 'Cowboy', 'Connection': 'keep-alive', 'X-Powered-By': 'Express', 'Content-Type': 'application/json; charset=utf-8', 'Content-Length': '169', 'Etag': 'W/"a9-pLno4M4jARCCH8k0BsLT0ALMqUE"', 'Date': 'Fri, 27 Oct 2023 08:13:39 GMT', 'Via': '1.1 vegur'} 
 body={"firstname":"John","lastname":"Smith","totalprice":111,"depositpaid":true,"bookingdates":{"checkin":"2018-01-01","checkout":"2019-01-01"},"additionalneeds":"Breakfast"} 
 </msg>
<msg timestamp="20231027 11:13:39.687" level="INFO">${response} = &lt;Response [200]&gt;</msg>
<status status="PASS" starttime="20231027 11:13:38.869" endtime="20231027 11:13:39.687"/>
</kw>
<try>
<branch type="TRY">
<kw name="Log" library="BuiltIn">
<arg>${response.json()}</arg>
<doc>Logs the given message with the given level.</doc>
<msg timestamp="20231027 11:13:39.688" level="INFO">{'firstname': 'John', 'lastname': 'Smith', 'totalprice': 111, 'depositpaid': True, 'bookingdates': {'checkin': '2018-01-01', 'checkout': '2019-01-01'}, 'additionalneeds': 'Breakfast'}</msg>
<status status="PASS" starttime="20231027 11:13:39.687" endtime="20231027 11:13:39.688"/>
</kw>
<status status="PASS" starttime="20231027 11:13:39.687" endtime="20231027 11:13:39.688"/>
</branch>
<branch type="EXCEPT">
<kw name="Log" library="BuiltIn">
<arg>Cannot retrieve JSON due to invalid data</arg>
<doc>Logs the given message with the given level.</doc>
<status status="NOT RUN" starttime="20231027 11:13:39.688" endtime="20231027 11:13:39.688"/>
</kw>
<status status="NOT RUN" starttime="20231027 11:13:39.688" endtime="20231027 11:13:39.688"/>
</branch>
<status status="PASS" starttime="20231027 11:13:39.687" endtime="20231027 11:13:39.688"/>
</try>
<status status="PASS" starttime="20231027 11:13:38.869" endtime="20231027 11:13:39.688"/>
</iter>
<iter>
<var name="${booking}">{'bookingid': 175}</var>
<kw name="GET" library="RequestsLibrary">
<var>${response}</var>
<arg>https://restful-booker.herokuapp.com/booking/${booking}[bookingid]</arg>
<doc>Sends a GET request.</doc>
<msg timestamp="20231027 11:13:40.462" level="INFO">GET Request : url=https://restful-booker.herokuapp.com/booking/175 
 path_url=/booking/175 
 headers={'User-Agent': 'python-requests/2.31.0', 'Accept-Encoding': 'gzip, deflate', 'Accept': '*/*', 'Connection': 'keep-alive'} 
 body=None 
 </msg>
<msg timestamp="20231027 11:13:40.462" level="INFO">GET Response : url=https://restful-booker.herokuapp.com/booking/175 
 status=200, reason=OK 
 headers={'Server': 'Cowboy', 'Report-To': '{"group":"heroku-nel","max_age":3600,"endpoints":[{"url":"https://nel.heroku.com/reports?ts=1698394420&amp;sid=c46efe9b-d3d2-4a0c-8c76-bfafa16c5add&amp;s=ELRbPtKIRyJiDA1kblLcEG4tyH5MfuzkoPetov1zUNs%3D"}]}', 'Reporting-Endpoints': 'heroku-nel=https://nel.heroku.com/reports?ts=1698394420&amp;sid=c46efe9b-d3d2-4a0c-8c76-bfafa16c5add&amp;s=ELRbPtKIRyJiDA1kblLcEG4tyH5MfuzkoPetov1zUNs%3D', 'Nel': '{"report_to":"heroku-nel","max_age":3600,"success_fraction":0.005,"failure_fraction":0.05,"response_headers":["Via"]}', 'Connection': 'keep-alive', 'X-Powered-By': 'Express', 'Content-Type': 'application/json; charset=utf-8', 'Content-Length': '169', 'Etag': 'W/"a9-pLno4M4jARCCH8k0BsLT0ALMqUE"', 'Date': 'Fri, 27 Oct 2023 08:13:40 GMT', 'Via': '1.1 vegur'} 
 body={"firstname":"John","lastname":"Smith","totalprice":111,"depositpaid":true,"bookingdates":{"checkin":"2018-01-01","checkout":"2019-01-01"},"additionalneeds":"Breakfast"} 
 </msg>
<msg timestamp="20231027 11:13:40.464" level="INFO">${response} = &lt;Response [200]&gt;</msg>
<status status="PASS" starttime="20231027 11:13:39.689" endtime="20231027 11:13:40.464"/>
</kw>
<try>
<branch type="TRY">
<kw name="Log" library="BuiltIn">
<arg>${response.json()}</arg>
<doc>Logs the given message with the given level.</doc>
<msg timestamp="20231027 11:13:40.465" level="INFO">{'firstname': 'John', 'lastname': 'Smith', 'totalprice': 111, 'depositpaid': True, 'bookingdates': {'checkin': '2018-01-01', 'checkout': '2019-01-01'}, 'additionalneeds': 'Breakfast'}</msg>
<status status="PASS" starttime="20231027 11:13:40.464" endtime="20231027 11:13:40.465"/>
</kw>
<status status="PASS" starttime="20231027 11:13:40.464" endtime="20231027 11:13:40.465"/>
</branch>
<branch type="EXCEPT">
<kw name="Log" library="BuiltIn">
<arg>Cannot retrieve JSON due to invalid data</arg>
<doc>Logs the given message with the given level.</doc>
<status status="NOT RUN" starttime="20231027 11:13:40.465" endtime="20231027 11:13:40.465"/>
</kw>
<status status="NOT RUN" starttime="20231027 11:13:40.465" endtime="20231027 11:13:40.465"/>
</branch>
<status status="PASS" starttime="20231027 11:13:40.464" endtime="20231027 11:13:40.465"/>
</try>
<status status="PASS" starttime="20231027 11:13:39.688" endtime="20231027 11:13:40.465"/>
</iter>
<iter>
<var name="${booking}">{'bookingid': 231}</var>
<kw name="GET" library="RequestsLibrary">
<var>${response}</var>
<arg>https://restful-booker.herokuapp.com/booking/${booking}[bookingid]</arg>
<doc>Sends a GET request.</doc>
<msg timestamp="20231027 11:13:41.221" level="INFO">GET Request : url=https://restful-booker.herokuapp.com/booking/231 
 path_url=/booking/231 
 headers={'User-Agent': 'python-requests/2.31.0', 'Accept-Encoding': 'gzip, deflate', 'Accept': '*/*', 'Connection': 'keep-alive'} 
 body=None 
 </msg>
<msg timestamp="20231027 11:13:41.221" level="INFO">GET Response : url=https://restful-booker.herokuapp.com/booking/231 
 status=200, reason=OK 
 headers={'Server': 'Cowboy', 'Report-To': '{"group":"heroku-nel","max_age":3600,"endpoints":[{"url":"https://nel.heroku.com/reports?ts=1698394421&amp;sid=c46efe9b-d3d2-4a0c-8c76-bfafa16c5add&amp;s=sLoRQK9nXEKiCl0%2F28pfL451JSiJ%2FxZRO%2BlnGKpTwDg%3D"}]}', 'Reporting-Endpoints': 'heroku-nel=https://nel.heroku.com/reports?ts=1698394421&amp;sid=c46efe9b-d3d2-4a0c-8c76-bfafa16c5add&amp;s=sLoRQK9nXEKiCl0%2F28pfL451JSiJ%2FxZRO%2BlnGKpTwDg%3D', 'Nel': '{"report_to":"heroku-nel","max_age":3600,"success_fraction":0.005,"failure_fraction":0.05,"response_headers":["Via"]}', 'Connection': 'keep-alive', 'X-Powered-By': 'Express', 'Content-Type': 'application/json; charset=utf-8', 'Content-Length': '169', 'Etag': 'W/"a9-pLno4M4jARCCH8k0BsLT0ALMqUE"', 'Date': 'Fri, 27 Oct 2023 08:13:41 GMT', 'Via': '1.1 vegur'} 
 body={"firstname":"John","lastname":"Smith","totalprice":111,"depositpaid":true,"bookingdates":{"checkin":"2018-01-01","checkout":"2019-01-01"},"additionalneeds":"Breakfast"} 
 </msg>
<msg timestamp="20231027 11:13:41.222" level="INFO">${response} = &lt;Response [200]&gt;</msg>
<status status="PASS" starttime="20231027 11:13:40.466" endtime="20231027 11:13:41.222"/>
</kw>
<try>
[...]
<status status="PASS" starttime="20231027 11:15:45.216" endtime="20231027 11:15:46.240"/>
</kw>
<try>
<branch type="TRY">
<kw name="Log" library="BuiltIn">
<arg>${response.json()}</arg>
<doc>Logs the given message with the given level.</doc>
<msg timestamp="20231027 11:15:46.241" level="INFO">{'firstname': 'John', 'lastname': 'Smith', 'totalprice': 111, 'depositpaid': True, 'bookingdates': {'checkin': '2018-01-01', 'checkout': '2019-01-01'}, 'additionalneeds': 'Breakfast'}</msg>
<status status="PASS" starttime="20231027 11:15:46.240" endtime="20231027 11:15:46.241"/>
</kw>
<status status="PASS" starttime="20231027 11:15:46.240" endtime="20231027 11:15:46.241"/>
</branch>
<branch type="EXCEPT">
<kw name="Log" library="BuiltIn">
<arg>Cannot retrieve JSON due to invalid data</arg>
<doc>Logs the given message with the given level.</doc>
<status status="NOT RUN" starttime="20231027 11:15:46.241" endtime="20231027 11:15:46.241"/>
</kw>
<status status="NOT RUN" starttime="20231027 11:15:46.241" endtime="20231027 11:15:46.241"/>
</branch>
<status status="PASS" starttime="20231027 11:15:46.240" endtime="20231027 11:15:46.241"/>
</try>
<status status="PASS" starttime="20231027 11:15:45.216" endtime="20231027 11:15:46.241"/>
</iter>
<iter>
<var name="${booking}">{'bookingid': 272}</var>
<kw name="GET" library="RequestsLibrary">
<var>${response}</var>
<arg>https://restful-booker.herokuapp.com/booking/${booking}[bookingid]</arg>
<doc>Sends a GET request.</doc>
<msg timestamp="20231027 11:15:47.362" level="INFO">GET Request : url=https://restful-booker.herokuapp.com/booking/272 
 path_url=/booking/272 
 headers={'User-Agent': 'python-requests/2.31.0', 'Accept-Encoding': 'gzip, deflate', 'Accept': '*/*', 'Connection': 'keep-alive'} 
 body=None 
 </msg>
<msg timestamp="20231027 11:15:47.362" level="INFO">GET Response : url=https://restful-booker.herokuapp.com/booking/272 
 status=200, reason=OK 
 headers={'Server': 'Cowboy', 'Report-To': '{"group":"heroku-nel","max_age":3600,"endpoints":[{"url":"https://nel.heroku.com/reports?ts=1698394547&amp;sid=c46efe9b-d3d2-4a0c-8c76-bfafa16c5add&amp;s=teH8z9Jhp11SKZOjz%2BHXQQjPqwSLaiQbGTnX00HjAzU%3D"}]}', 'Reporting-Endpoints': 'heroku-nel=https://nel.heroku.com/reports?ts=1698394547&amp;sid=c46efe9b-d3d2-4a0c-8c76-bfafa16c5add&amp;s=teH8z9Jhp11SKZOjz%2BHXQQjPqwSLaiQbGTnX00HjAzU%3D', 'Nel': '{"report_to":"heroku-nel","max_age":3600,"success_fraction":0.005,"failure_fraction":0.05,"response_headers":["Via"]}', 'Connection': 'keep-alive', 'X-Powered-By': 'Express', 'Content-Type': 'application/json; charset=utf-8', 'Content-Length': '169', 'Etag': 'W/"a9-pLno4M4jARCCH8k0BsLT0ALMqUE"', 'Date': 'Fri, 27 Oct 2023 08:15:47 GMT', 'Via': '1.1 vegur'} 
 body={"firstname":"John","lastname":"Smith","totalprice":111,"depositpaid":true,"bookingdates":{"checkin":"2018-01-01","checkout":"2019-01-01"},"additionalneeds":"Breakfast"} 
 </msg>
<msg timestamp="20231027 11:15:47.363" level="INFO">${response} = &lt;Response [200]&gt;</msg>
<status status="PASS" starttime="20231027 11:15:46.241" endtime="20231027 11:15:47.364"/>
</kw>
<try>
<branch type="TRY">
<kw name="Log" library="BuiltIn">
<arg>${response.json()}</arg>
<doc>Logs the given message with the given level.</doc>
<msg timestamp="20231027 11:15:47.365" level="INFO">{'firstname': 'John', 'lastname': 'Smith', 'totalprice': 111, 'depositpaid': True, 'bookingdates': {'checkin': '2018-01-01', 'checkout': '2019-01-01'}, 'additionalneeds': 'Breakfast'}</msg>
<status status="PASS" starttime="20231027 11:15:47.364" endtime="20231027 11:15:47.365"/>
</kw>
<status status="PASS" starttime="20231027 11:15:47.364" endtime="20231027 11:15:47.365"/>
</branch>
<branch type="EXCEPT">
<kw name="Log" library="BuiltIn">
<arg>Cannot retrieve JSON due to invalid data</arg>
<doc>Logs the given message with the given level.</doc>
<status status="NOT RUN" starttime="20231027 11:15:47.365" endtime="20231027 11:15:47.365"/>
</kw>
<status status="NOT RUN" starttime="20231027 11:15:47.365" endtime="20231027 11:15:47.365"/>
</branch>
<status status="PASS" starttime="20231027 11:15:47.364" endtime="20231027 11:15:47.365"/>
</try>
<status status="PASS" starttime="20231027 11:15:46.241" endtime="20231027 11:15:47.365"/>
</iter>
<iter>
<var name="${booking}">{'bookingid': 396}</var>
<kw name="GET" library="RequestsLibrary">
<var>${response}</var>
<arg>https://restful-booker.herokuapp.com/booking/${booking}[bookingid]</arg>
<doc>Sends a GET request.</doc>
<msg timestamp="20231027 11:15:48.281" level="INFO">GET Request : url=https://restful-booker.herokuapp.com/booking/396 
 path_url=/booking/396 
 headers={'User-Agent': 'python-requests/2.31.0', 'Accept-Encoding': 'gzip, deflate', 'Accept': '*/*', 'Connection': 'keep-alive'} 
 body=None 
 </msg>
<msg timestamp="20231027 11:15:48.281" level="INFO">GET Response : url=https://restful-booker.herokuapp.com/booking/396 
 status=200, reason=OK 
 headers={'Server': 'Cowboy', 'Report-To': '{"group":"heroku-nel","max_age":3600,"endpoints":[{"url":"https://nel.heroku.com/reports?ts=1698394548&amp;sid=c46efe9b-d3d2-4a0c-8c76-bfafa16c5add&amp;s=kTd9bWW1UK3pwWtjZsLiaDoRZSoBtWdIvVEZYcVv2iI%3D"}]}', 'Reporting-Endpoints': 'heroku-nel=https://nel.heroku.com/reports?ts=1698394548&amp;sid=c46efe9b-d3d2-4a0c-8c76-bfafa16c5add&amp;s=kTd9bWW1UK3pwWtjZsLiaDoRZSoBtWdIvVEZYcVv2iI%3D', 'Nel': '{"report_to":"heroku-nel","max_age":3600,"success_fraction":0.005,"failure_fraction":0.05,"response_headers":["Via"]}', 'Connection': 'keep-alive', 'X-Powered-By': 'Express', 'Content-Type': 'application/json; charset=utf-8', 'Content-Length': '169', 'Etag': 'W/"a9-pLno4M4jARCCH8k0BsLT0ALMqUE"', 'Date': 'Fri, 27 Oct 2023 08:15:48 GMT', 'Via': '1.1 vegur'} 
 body={"firstname":"John","lastname":"Smith","totalprice":111,"depositpaid":true,"bookingdates":{"checkin":"2018-01-01","checkout":"2019-01-01"},"additionalneeds":"Breakfast"} 
 </msg>
<msg timestamp="20231027 11:15:48.283" level="INFO">${response} = &lt;Response [200]&gt;</msg>
<status status="PASS" starttime="20231027 11:15:47.365" endtime="20231027 11:15:48.283"/>
</kw>
<try>
<branch type="TRY">
<kw name="Log" library="BuiltIn">
<arg>${response.json()}</arg>
<doc>Logs the given message with the given level.</doc>
<msg timestamp="20231027 11:15:48.284" level="INFO">{'firstname': 'John', 'lastname': 'Smith', 'totalprice': 111, 'depositpaid': True, 'bookingdates': {'checkin': '2018-01-01', 'checkout': '2019-01-01'}, 'additionalneeds': 'Breakfast'}</msg>
<status status="PASS" starttime="20231027 11:15:48.283" endtime="20231027 11:15:48.284"/>
</kw>
<status status="PASS" starttime="20231027 11:15:48.283" endtime="20231027 11:15:48.284"/>
</branch>
<branch type="EXCEPT">
<kw name="Log" library="BuiltIn">
<arg>Cannot retrieve JSON due to invalid data</arg>
<doc>Logs the given message with the given level.</doc>
<status status="NOT RUN" starttime="20231027 11:15:48.284" endtime="20231027 11:15:48.284"/>
</kw>
<status status="NOT RUN" starttime="20231027 11:15:48.284" endtime="20231027 11:15:48.284"/>
</branch>
<status status="PASS" starttime="20231027 11:15:48.283" endtime="20231027 11:15:48.284"/>
</try>
<status status="PASS" starttime="20231027 11:15:47.365" endtime="20231027 11:15:48.285"/>
</iter>
<iter>
<var name="${booking}">{'bookingid': 435}</var>
<kw name="GET" library="RequestsLibrary">
<var>${response}</var>
<arg>https://restful-booker.herokuapp.com/booking/${booking}[bookingid]</arg>
<doc>Sends a GET request.</doc>
<msg timestamp="20231027 11:15:49.205" level="INFO">GET Request : url=https://restful-booker.herokuapp.com/booking/435 
 path_url=/booking/435 
 headers={'User-Agent': 'python-requests/2.31.0', 'Accept-Encoding': 'gzip, deflate', 'Accept': '*/*', 'Connection': 'keep-alive'} 
 body=None 
 </msg>
<msg timestamp="20231027 11:15:49.205" level="INFO">GET Response : url=https://restful-booker.herokuapp.com/booking/435 
 status=200, reason=OK 
 headers={'Server': 'Cowboy', 'Report-To': '{"group":"heroku-nel","max_age":3600,"endpoints":[{"url":"https://nel.heroku.com/reports?ts=1698394549&amp;sid=c46efe9b-d3d2-4a0c-8c76-bfafa16c5add&amp;s=oFwRaA5JR9CxQAxYA%2B57BmEieAcZs%2BgeWBY1KDByKdE%3D"}]}', 'Reporting-Endpoints': 'heroku-nel=https://nel.heroku.com/reports?ts=1698394549&amp;sid=c46efe9b-d3d2-4a0c-8c76-bfafa16c5add&amp;s=oFwRaA5JR9CxQAxYA%2B57BmEieAcZs%2BgeWBY1KDByKdE%3D', 'Nel': '{"report_to":"heroku-nel","max_age":3600,"success_fraction":0.005,"failure_fraction":0.05,"response_headers":["Via"]}', 'Connection': 'keep-alive', 'X-Powered-By': 'Express', 'Content-Type': 'application/json; charset=utf-8', 'Content-Length': '169', 'Etag': 'W/"a9-pLno4M4jARCCH8k0BsLT0ALMqUE"', 'Date': 'Fri, 27 Oct 2023 08:15:49 GMT', 'Via': '1.1 vegur'} 
 body={"firstname":"John","lastname":"Smith","totalprice":111,"depositpaid":true,"bookingdates":{"checkin":"2018-01-01","checkout":"2019-01-01"},"additionalneeds":"Breakfast"} 
 </msg>
<msg timestamp="20231027 11:15:49.206" level="INFO">${response} = &lt;Response [200]&gt;</msg>
<status status="PASS" starttime="20231027 11:15:48.285" endtime="20231027 11:15:49.207"/>
</kw>
<try>
<branch type="TRY">
<kw name="Log" library="BuiltIn">
<arg>${response.json()}</arg>
<doc>Logs the given message with the given level.</doc>
<msg timestamp="20231027 11:15:49.207" level="INFO">{'firstname': 'John', 'lastname': 'Smith', 'totalprice': 111, 'depositpaid': True, 'bookingdates': {'checkin': '2018-01-01', 'checkout': '2019-01-01'}, 'additionalneeds': 'Breakfast'}</msg>
<status status="PASS" starttime="20231027 11:15:49.207" endtime="20231027 11:15:49.208"/>
</kw>
<status status="PASS" starttime="20231027 11:15:49.207" endtime="20231027 11:15:49.208"/>
</branch>
<branch type="EXCEPT">
<kw name="Log" library="BuiltIn">
<arg>Cannot retrieve JSON due to invalid data</arg>
<doc>Logs the given message with the given level.</doc>
<status status="NOT RUN" starttime="20231027 11:15:49.208" endtime="20231027 11:15:49.208"/>
</kw>
<status status="NOT RUN" starttime="20231027 11:15:49.208" endtime="20231027 11:15:49.208"/>
</branch>
<status status="PASS" starttime="20231027 11:15:49.207" endtime="20231027 11:15:49.208"/>
</try>
<status status="PASS" starttime="20231027 11:15:48.285" endtime="20231027 11:15:49.208"/>
</iter>
<status status="PASS" starttime="20231027 11:13:21.929" endtime="20231027 11:15:49.208"/>
</for>
<status status="PASS" starttime="20231027 11:13:21.157" endtime="20231027 11:15:49.208"/>
</test>
<test id="s1-t2" name="Create a Booking at Restful Booker" line="21">
<kw name="Create Dictionary" library="BuiltIn">
<var>${booking_dates}</var>
<arg>checkin=2022-12-31</arg>
<arg>checkout=2023-01-01</arg>
<doc>Creates and returns a dictionary based on the given ``items``.</doc>
<msg timestamp="20231027 11:15:49.209" level="INFO">${booking_dates} = {'checkin': '2022-12-31', 'checkout': '2023-01-01'}</msg>
<status status="PASS" starttime="20231027 11:15:49.209" endtime="20231027 11:15:49.209"/>
</kw>
<kw name="Create Dictionary" library="BuiltIn">
<var>${body}</var>
<arg>firstname=Hans</arg>
<arg>lastname=Gruber</arg>
<arg>totalprice=200</arg>
<arg>depositpaid=false</arg>
<arg>bookingdates=${booking_dates}</arg>
<doc>Creates and returns a dictionary based on the given ``items``.</doc>
<msg timestamp="20231027 11:15:49.210" level="INFO">${body} = {'firstname': 'Hans', 'lastname': 'Gruber', 'totalprice': '200', 'depositpaid': 'false', 'bookingdates': {'checkin': '2022-12-31', 'checkout': '2023-01-01'}}</msg>
<status status="PASS" starttime="20231027 11:15:49.209" endtime="20231027 11:15:49.210"/>
</kw>
<kw name="POST" library="RequestsLibrary">
<var>${response}</var>
<arg>url=https://restful-booker.herokuapp.com/booking</arg>
<arg>json=${body}</arg>
<doc>Sends a POST request.</doc>
<msg timestamp="20231027 11:15:50.126" level="INFO">POST Request : url=https://restful-booker.herokuapp.com/booking 
 path_url=/booking 
 headers={'User-Agent': 'python-requests/2.31.0', 'Accept-Encoding': 'gzip, deflate', 'Accept': '*/*', 'Connection': 'keep-alive', 'Content-Length': '157', 'Content-Type': 'application/json'} 
 body=b'{"firstname": "Hans", "lastname": "Gruber", "totalprice": "200", "depositpaid": "false", "bookingdates": {"checkin": "2022-12-31", "checkout": "2023-01-01"}}' 
 </msg>
<msg timestamp="20231027 11:15:50.126" level="INFO">POST Response : url=https://restful-booker.herokuapp.com/booking 
 status=200, reason=OK 
 headers={'Server': 'Cowboy', 'Connection': 'keep-alive', 'X-Powered-By': 'Express', 'Content-Type': 'application/json; charset=utf-8', 'Content-Length': '169', 'Etag': 'W/"a9-vTNkPcLHx0VMnzosbXZMC9IpMl0"', 'Date': 'Fri, 27 Oct 2023 08:15:50 GMT', 'Via': '1.1 vegur'} 
 body={"bookingid":1821,"booking":{"firstname":"Hans","lastname":"Gruber","totalprice":200,"depositpaid":true,"bookingdates":{"checkin":"2022-12-31","checkout":"2023-01-01"}}} 
 </msg>
<msg timestamp="20231027 11:15:50.126" level="INFO">${response} = &lt;Response [200]&gt;</msg>
<status status="PASS" starttime="20231027 11:15:49.210" endtime="20231027 11:15:50.126"/>
</kw>
<kw name="Set Variable" library="BuiltIn">
<var>${id}</var>
<arg>${response.json()}[bookingid]</arg>
<doc>Returns the given values which can then be assigned to a variables.</doc>
<msg timestamp="20231027 11:15:50.127" level="INFO">${id} = 1821</msg>
<status status="PASS" starttime="20231027 11:15:50.127" endtime="20231027 11:15:50.128"/>
</kw>
<kw name="Set Suite Variable" library="BuiltIn">
<arg>${id}</arg>
<doc>Makes a variable available everywhere within the scope of the current suite.</doc>
<msg timestamp="20231027 11:15:50.128" level="INFO">${id} = 1821</msg>
<status status="PASS" starttime="20231027 11:15:50.128" endtime="20231027 11:15:50.128"/>
</kw>
<kw name="GET" library="RequestsLibrary">
<var>${response}</var>
<arg>https://restful-booker.herokuapp.com/booking/${id}</arg>
<doc>Sends a GET request.</doc>
<msg timestamp="20231027 11:15:50.944" level="INFO">GET Request : url=https://restful-booker.herokuapp.com/booking/1821 
 path_url=/booking/1821 
 headers={'User-Agent': 'python-requests/2.31.0', 'Accept-Encoding': 'gzip, deflate', 'Accept': '*/*', 'Connection': 'keep-alive'} 
 body=None 
 </msg>
<msg timestamp="20231027 11:15:50.944" level="INFO">GET Response : url=https://restful-booker.herokuapp.com/booking/1821 
 status=200, reason=OK 
 headers={'Server': 'Cowboy', 'Report-To': '{"group":"heroku-nel","max_age":3600,"endpoints":[{"url":"https://nel.heroku.com/reports?ts=1698394550&amp;sid=c46efe9b-d3d2-4a0c-8c76-bfafa16c5add&amp;s=32zqHLjGbNgiEPCkBuGUwolgdAiqtLvlDr5CVA4ZoO0%3D"}]}', 'Reporting-Endpoints': 'heroku-nel=https://nel.heroku.com/reports?ts=1698394550&amp;sid=c46efe9b-d3d2-4a0c-8c76-bfafa16c5add&amp;s=32zqHLjGbNgiEPCkBuGUwolgdAiqtLvlDr5CVA4ZoO0%3D', 'Nel': '{"report_to":"heroku-nel","max_age":3600,"success_fraction":0.005,"failure_fraction":0.05,"response_headers":["Via"]}', 'Connection': 'keep-alive', 'X-Powered-By': 'Express', 'Content-Type': 'application/json; charset=utf-8', 'Content-Length': '140', 'Etag': 'W/"8c-ZyMX7q5MPk1IIZgzio6YfZY3B+o"', 'Date': 'Fri, 27 Oct 2023 08:15:50 GMT', 'Via': '1.1 vegur'} 
 body={"firstname":"Hans","lastname":"Gruber","totalprice":200,"depositpaid":true,"bookingdates":{"checkin":"2022-12-31","checkout":"2023-01-01"}} 
 </msg>
<msg timestamp="20231027 11:15:50.946" level="INFO">${response} = &lt;Response [200]&gt;</msg>
<status status="PASS" starttime="20231027 11:15:50.128" endtime="20231027 11:15:50.946"/>
</kw>
<kw name="Log" library="BuiltIn">
<arg>${response.json()}</arg>
<doc>Logs the given message with the given level.</doc>
<msg timestamp="20231027 11:15:50.947" level="INFO">{'firstname': 'Hans', 'lastname': 'Gruber', 'totalprice': 200, 'depositpaid': True, 'bookingdates': {'checkin': '2022-12-31', 'checkout': '2023-01-01'}}</msg>
<status status="PASS" starttime="20231027 11:15:50.946" endtime="20231027 11:15:50.947"/>
</kw>
<kw name="Should Be Equal" library="BuiltIn">
<arg>${response.json()}[lastname]</arg>
<arg>Gruber</arg>
<doc>Fails if the given objects are unequal.</doc>
<status status="PASS" starttime="20231027 11:15:50.947" endtime="20231027 11:15:50.948"/>
</kw>
<kw name="Should Be Equal" library="BuiltIn">
<arg>${response.json()}[firstname]</arg>
<arg>Hans</arg>
<doc>Fails if the given objects are unequal.</doc>
<status status="PASS" starttime="20231027 11:15:50.948" endtime="20231027 11:15:50.949"/>
</kw>
<kw name="Should Be Equal As Numbers" library="BuiltIn">
<arg>${response.json()}[totalprice]</arg>
<arg>200</arg>
<doc>Fails if objects are unequal after converting them to real numbers.</doc>
<msg timestamp="20231027 11:15:50.950" level="INFO">Argument types are:
&lt;class 'int'&gt;
&lt;class 'str'&gt;</msg>
<status status="PASS" starttime="20231027 11:15:50.949" endtime="20231027 11:15:50.952"/>
</kw>
<kw name="Dictionary Should Contain Value" library="Collections">
<arg>${response.json()}</arg>
<arg>Gruber</arg>
<doc>Fails if ``value`` is not found from ``dictionary``.</doc>
<status status="PASS" starttime="20231027 11:15:50.952" endtime="20231027 11:15:50.953"/>
</kw>
<status status="PASS" starttime="20231027 11:15:49.208" endtime="20231027 11:15:50.953"/>
</test>
<test id="s1-t3" name="Delete Booking" line="34">
<kw name="Create Dictionary" library="BuiltIn">
<var>${header}</var>
<arg>Cookie=token\=${token}</arg>
<doc>Creates and returns a dictionary based on the given ``items``.</doc>
<msg timestamp="20231027 11:15:50.955" level="INFO">${header} = {'Cookie': 'token=cad8a126fdc681e'}</msg>
<status status="PASS" starttime="20231027 11:15:50.955" endtime="20231027 11:15:50.955"/>
</kw>
<kw name="DELETE" library="RequestsLibrary">
<var>${response}</var>
<arg>url=https://restful-booker.herokuapp.com/booking/${id}</arg>
<arg>headers=${header}</arg>
<doc>Sends a DELETE request.</doc>
<msg timestamp="20231027 11:15:51.762" level="INFO">DELETE Request : url=https://restful-booker.herokuapp.com/booking/1821 
 path_url=/booking/1821 
 headers={'User-Agent': 'python-requests/2.31.0', 'Accept-Encoding': 'gzip, deflate', 'Accept': '*/*', 'Connection': 'keep-alive', 'Cookie': 'token=cad8a126fdc681e', 'Content-Length': '0'} 
 body=None 
 </msg>
<msg timestamp="20231027 11:15:51.763" level="INFO">DELETE Response : url=https://restful-booker.herokuapp.com/booking/1821 
 status=201, reason=Created 
 headers={'Server': 'Cowboy', 'Report-To': '{"group":"heroku-nel","max_age":3600,"endpoints":[{"url":"https://nel.heroku.com/reports?ts=1698394551&amp;sid=c46efe9b-d3d2-4a0c-8c76-bfafa16c5add&amp;s=ynrgiNOnq6mP6Q9SpkW%2BcukjAmFeKvY8kaXIiQjwf%2FM%3D"}]}', 'Reporting-Endpoints': 'heroku-nel=https://nel.heroku.com/reports?ts=1698394551&amp;sid=c46efe9b-d3d2-4a0c-8c76-bfafa16c5add&amp;s=ynrgiNOnq6mP6Q9SpkW%2BcukjAmFeKvY8kaXIiQjwf%2FM%3D', 'Nel': '{"report_to":"heroku-nel","max_age":3600,"success_fraction":0.005,"failure_fraction":0.05,"response_headers":["Via"]}', 'Connection': 'keep-alive', 'X-Powered-By': 'Express', 'Content-Type': 'text/plain; charset=utf-8', 'Content-Length': '7', 'Etag': 'W/"7-rM9AyJuqT6iOan/xHh+AW+7K/T8"', 'Date': 'Fri, 27 Oct 2023 08:15:51 GMT', 'Via': '1.1 vegur'} 
 body=Created 
 </msg>
<msg timestamp="20231027 11:15:51.763" level="INFO">${response} = &lt;Response [201]&gt;</msg>
<status status="PASS" starttime="20231027 11:15:50.956" endtime="20231027 11:15:51.763"/>
</kw>
<kw name="Status Should Be" library="RequestsLibrary">
<arg>201</arg>
<arg>${response}</arg>
<doc>Fails if response status code is different than the expected.</doc>
<status status="PASS" starttime="20231027 11:15:51.763" endtime="20231027 11:15:51.763"/>
</kw>
<status status="PASS" starttime="20231027 11:15:50.954" endtime="20231027 11:15:51.764"/>
</test>
<status status="PASS" starttime="20231027 11:13:19.592" endtime="20231027 11:15:51.764"/>
</suite>
<statistics>
<total>
<stat pass="3" fail="0" skip="0">All Tests</stat>
</total>
<tag>
</tag>
<suite>
<stat pass="3" fail="0" skip="0" id="s1" name="TestSuite">TestSuite</stat>
</suite>
</statistics>
<errors>
</errors>
</robot>
